{"ts": "2025-10-30T17:22:38", "level": "INFO", "logger": "src.core.engine", "msg": "Starting workflow: github.com/create_repository (steps=44)", "run_id": "20251030T172236Z", "site": "github.com", "task": "create_repository", "thread": "MainThread", "process": 30236}
{"ts": "2025-10-30T17:22:38", "level": "INFO", "logger": "src.core.engine", "msg": "Step 1/44: open_github_home", "run_id": "20251030T172236Z", "step_index": 1, "action": "goto", "thread": "MainThread", "process": 30236}
{"ts": "2025-10-30T17:22:39", "level": "INFO", "logger": "src.utils.timing", "msg": "goto took 768 ms", "run_id": "20251030T172236Z", "thread": "MainThread", "process": 30236}
{"ts": "2025-10-30T17:22:39", "level": "INFO", "logger": "src.core.engine", "msg": "Step 2/44: wait_home_loaded", "run_id": "20251030T172236Z", "step_index": 2, "action": "wait_for_selector", "thread": "MainThread", "process": 30236}
{"ts": "2025-10-30T17:22:40", "level": "INFO", "logger": "src.utils.timing", "msg": "wait_for_selector took 541 ms", "run_id": "20251030T172236Z", "thread": "MainThread", "process": 30236}
{"ts": "2025-10-30T17:22:40", "level": "INFO", "logger": "src.core.engine", "msg": "Step 3/44: 00_github_home", "run_id": "20251030T172236Z", "step_index": 3, "action": "screenshot", "thread": "MainThread", "process": 30236}
{"ts": "2025-10-30T17:22:41", "level": "INFO", "logger": "src.utils.timing", "msg": "screenshot took 760 ms", "run_id": "20251030T172236Z", "thread": "MainThread", "process": 30236}
{"ts": "2025-10-30T17:22:41", "level": "INFO", "logger": "src.core.actions", "msg": "Saved screenshot: C:\\Users\\lokes\\Downloads\\ui-capture-system\\datasets\\github.com\\create_repository\\2025-10-30_17-22-36\\00_github_home.png", "run_id": "20251030T172236Z", "action": "screenshot", "thread": "MainThread", "process": 30236}
{"ts": "2025-10-30T17:22:42", "level": "INFO", "logger": "src.core.engine", "msg": "Step 4/44: click_new_button_primary", "run_id": "20251030T172236Z", "step_index": 4, "action": "click", "thread": "MainThread", "process": 30236}
{"ts": "2025-10-30T17:22:42", "level": "INFO", "logger": "src.utils.timing", "msg": "click took 320 ms", "run_id": "20251030T172236Z", "thread": "MainThread", "process": 30236}
{"ts": "2025-10-30T17:22:43", "level": "INFO", "logger": "src.utils.timing", "msg": "click took 228 ms", "run_id": "20251030T172236Z", "thread": "MainThread", "process": 30236}
{"ts": "2025-10-30T17:22:46", "level": "INFO", "logger": "src.utils.timing", "msg": "click took 218 ms", "run_id": "20251030T172236Z", "thread": "MainThread", "process": 30236}
{"ts": "2025-10-30T17:22:46", "level": "WARNING", "logger": "src.core.engine", "msg": "Step failed but optional/continue_on_error set: Locator.click: Error: strict mode violation: locator(\"a[href='/new'], a:has-text('New')\") resolved to 4 elements:\n    1) <a href=\"/new\" data-view-component=\"true\" class=\"Button--primary Button--small Button\" data-hydro-click-hmac=\"8aaea1e421962d319923c22d990b92973a7a45fba95bd101ce024f6b1cd1378b\" data-hydro-click=\"{\"event_type\":\"dashboard.click\",\"payload\":{\"event_context\":\"REPOSITORIES\",\"target\":\"NEW_REPOSITORY_BUTTON\",\"dashboard_context\":\"user\",\"dashboard_version\":2,\"user_id\":44944748,\"metadata\":null,\"originating_url\":\"https://github.com/dashboard/my_top_repositories?location=left\"}}\">…</a> aka get_by_role(\"link\", name=\"New\", exact=True)\n    2) <a href=\"/new\" data-view-component=\"true\" class=\"Button--primary Button--small Button\" data-hydro-click-hmac=\"7ad1fb87febd79d17a505e1bd7e2547d5d17dc3970d648f92392b32ebb63c9f0\" data-hydro-click=\"{\"event_type\":\"dashboard.click\",\"payload\":{\"event_context\":\"REPOSITORIES\",\"target\":\"NEW_REPOSITORY_BUTTON\",\"dashboard_context\":\"user\",\"dashboard_version\":2,\"user_id\":44944748,\"metadata\":null,\"originating_url\":\"https://github.com/dashboard/my_top_repositories?location=center&mobile=true\"}}\">…</a> aka get_by_label(\"Top Repositories\", exact=True).locator(\"a\").filter(has_text=\"New\")\n    3) <a class=\"universe-cta-design-2\" data-analytics-event=\"{\"category\":\"site_universe_25_banners_day_2_post_event\",\"action\":\"click\",\"label\":null,\"group\":\"connect\"}\" href=\"/in-product-messaging/dismiss-and-redirect?group=connect&notice=site_universe_25_banners_day_2_post_event&destination_key=site_universe_25_banners_day_2_post_event\">↵        See what’s new↵</a> aka locator(\"#explore-dashboard-responsive\").get_by_text(\"See what’s new\")\n    4) <a class=\"universe-cta-design-2\" data-analytics-event=\"{\"category\":\"site_universe_25_banners_day_2_post_event\",\"action\":\"click\",\"label\":null,\"group\":\"connect\"}\" href=\"/in-product-messaging/dismiss-and-redirect?group=connect&notice=site_universe_25_banners_day_2_post_event&destination_key=site_universe_25_banners_day_2_post_event\">↵        See what’s new↵</a> aka get_by_role(\"link\", name=\"See what’s new\")\n\nCall log:\n  - waiting for locator(\"a[href='/new'], a:has-text('New')\")\n", "run_id": "20251030T172236Z", "step_index": 4, "action": "click", "thread": "MainThread", "process": 30236}
{"ts": "2025-10-30T17:22:46", "level": "INFO", "logger": "src.core.engine", "msg": "Step 5/44: s_new_button_clicked", "run_id": "20251030T172236Z", "step_index": 5, "action": "screenshot", "thread": "MainThread", "process": 30236}
{"ts": "2025-10-30T17:22:46", "level": "INFO", "logger": "src.utils.timing", "msg": "screenshot took 547 ms", "run_id": "20251030T172236Z", "thread": "MainThread", "process": 30236}
{"ts": "2025-10-30T17:22:46", "level": "INFO", "logger": "src.core.actions", "msg": "Saved screenshot: C:\\Users\\lokes\\Downloads\\ui-capture-system\\datasets\\github.com\\create_repository\\2025-10-30_17-22-36\\s_new_button_clicked.png", "run_id": "20251030T172236Z", "action": "screenshot", "thread": "MainThread", "process": 30236}
{"ts": "2025-10-30T17:22:47", "level": "INFO", "logger": "src.core.engine", "msg": "Step 6/44: click_new_button_navbar", "run_id": "20251030T172236Z", "step_index": 6, "action": "click", "thread": "MainThread", "process": 30236}
{"ts": "2025-10-30T17:22:47", "level": "INFO", "logger": "src.utils.timing", "msg": "click took 137 ms", "run_id": "20251030T172236Z", "thread": "MainThread", "process": 30236}
{"ts": "2025-10-30T17:22:47", "level": "INFO", "logger": "src.core.engine", "msg": "Step 7/44: s_new_menu_opened", "run_id": "20251030T172236Z", "step_index": 7, "action": "screenshot", "thread": "MainThread", "process": 30236}
{"ts": "2025-10-30T17:22:48", "level": "INFO", "logger": "src.utils.timing", "msg": "screenshot took 538 ms", "run_id": "20251030T172236Z", "thread": "MainThread", "process": 30236}
{"ts": "2025-10-30T17:22:48", "level": "INFO", "logger": "src.core.actions", "msg": "Saved screenshot: C:\\Users\\lokes\\Downloads\\ui-capture-system\\datasets\\github.com\\create_repository\\2025-10-30_17-22-36\\s_new_menu_opened.png", "run_id": "20251030T172236Z", "action": "screenshot", "thread": "MainThread", "process": 30236}
{"ts": "2025-10-30T17:22:49", "level": "INFO", "logger": "src.core.engine", "msg": "Step 8/44: select_new_repository", "run_id": "20251030T172236Z", "step_index": 8, "action": "click", "thread": "MainThread", "process": 30236}
{"ts": "2025-10-30T17:22:49", "level": "INFO", "logger": "src.utils.timing", "msg": "click took 124 ms", "run_id": "20251030T172236Z", "thread": "MainThread", "process": 30236}
{"ts": "2025-10-30T17:22:49", "level": "INFO", "logger": "src.core.engine", "msg": "Step 9/44: s_new_repo_selected", "run_id": "20251030T172236Z", "step_index": 9, "action": "screenshot", "thread": "MainThread", "process": 30236}
{"ts": "2025-10-30T17:22:50", "level": "INFO", "logger": "src.utils.timing", "msg": "screenshot took 653 ms", "run_id": "20251030T172236Z", "thread": "MainThread", "process": 30236}
{"ts": "2025-10-30T17:22:50", "level": "INFO", "logger": "src.core.actions", "msg": "Saved screenshot: C:\\Users\\lokes\\Downloads\\ui-capture-system\\datasets\\github.com\\create_repository\\2025-10-30_17-22-36\\s_new_repo_selected.png", "run_id": "20251030T172236Z", "action": "screenshot", "thread": "MainThread", "process": 30236}
{"ts": "2025-10-30T17:22:51", "level": "INFO", "logger": "src.core.engine", "msg": "Step 10/44: wait_create_repo_page", "run_id": "20251030T172236Z", "step_index": 10, "action": "wait_for_selector", "thread": "MainThread", "process": 30236}
{"ts": "2025-10-30T17:22:51", "level": "INFO", "logger": "src.utils.timing", "msg": "wait_for_selector took 26 ms", "run_id": "20251030T172236Z", "thread": "MainThread", "process": 30236}
{"ts": "2025-10-30T17:22:51", "level": "INFO", "logger": "src.core.engine", "msg": "Step 11/44: 01_create_repo_page", "run_id": "20251030T172236Z", "step_index": 11, "action": "screenshot", "thread": "MainThread", "process": 30236}
{"ts": "2025-10-30T17:22:52", "level": "INFO", "logger": "src.utils.timing", "msg": "screenshot took 279 ms", "run_id": "20251030T172236Z", "thread": "MainThread", "process": 30236}
{"ts": "2025-10-30T17:22:52", "level": "INFO", "logger": "src.core.actions", "msg": "Saved screenshot: C:\\Users\\lokes\\Downloads\\ui-capture-system\\datasets\\github.com\\create_repository\\2025-10-30_17-22-36\\01_create_repo_page.png", "run_id": "20251030T172236Z", "action": "screenshot", "thread": "MainThread", "process": 30236}
{"ts": "2025-10-30T17:22:52", "level": "INFO", "logger": "src.core.engine", "msg": "Step 12/44: focus_repo_name", "run_id": "20251030T172236Z", "step_index": 12, "action": "click", "thread": "MainThread", "process": 30236}
{"ts": "2025-10-30T17:22:52", "level": "INFO", "logger": "src.utils.timing", "msg": "click took 79 ms", "run_id": "20251030T172236Z", "thread": "MainThread", "process": 30236}
{"ts": "2025-10-30T17:22:53", "level": "INFO", "logger": "src.core.engine", "msg": "Step 13/44: fill_repo_name", "run_id": "20251030T172236Z", "step_index": 13, "action": "fill", "thread": "MainThread", "process": 30236}
{"ts": "2025-10-30T17:22:53", "level": "INFO", "logger": "src.utils.timing", "msg": "fill took 36 ms", "run_id": "20251030T172236Z", "thread": "MainThread", "process": 30236}
{"ts": "2025-10-30T17:22:54", "level": "INFO", "logger": "src.core.engine", "msg": "Step 14/44: wait_after_repo_name", "run_id": "20251030T172236Z", "step_index": 14, "action": "wait", "thread": "MainThread", "process": 30236}
{"ts": "2025-10-30T17:22:54", "level": "INFO", "logger": "src.utils.timing", "msg": "wait (static) took 818 ms", "run_id": "20251030T172236Z", "thread": "MainThread", "process": 30236}
{"ts": "2025-10-30T17:22:55", "level": "INFO", "logger": "src.core.engine", "msg": "Step 15/44: 02_repo_name_filled", "run_id": "20251030T172236Z", "step_index": 15, "action": "screenshot", "thread": "MainThread", "process": 30236}
{"ts": "2025-10-30T17:22:55", "level": "INFO", "logger": "src.utils.timing", "msg": "screenshot took 310 ms", "run_id": "20251030T172236Z", "thread": "MainThread", "process": 30236}
{"ts": "2025-10-30T17:22:55", "level": "INFO", "logger": "src.core.actions", "msg": "Saved screenshot: C:\\Users\\lokes\\Downloads\\ui-capture-system\\datasets\\github.com\\create_repository\\2025-10-30_17-22-36\\02_repo_name_filled.png", "run_id": "20251030T172236Z", "action": "screenshot", "thread": "MainThread", "process": 30236}
{"ts": "2025-10-30T17:22:56", "level": "INFO", "logger": "src.core.engine", "msg": "Step 16/44: fill_description", "run_id": "20251030T172236Z", "step_index": 16, "action": "fill", "thread": "MainThread", "process": 30236}
{"ts": "2025-10-30T17:22:56", "level": "INFO", "logger": "src.utils.timing", "msg": "fill took 51 ms", "run_id": "20251030T172236Z", "thread": "MainThread", "process": 30236}
{"ts": "2025-10-30T17:22:57", "level": "INFO", "logger": "src.core.engine", "msg": "Step 17/44: wait_after_description", "run_id": "20251030T172236Z", "step_index": 17, "action": "wait", "thread": "MainThread", "process": 30236}
{"ts": "2025-10-30T17:22:57", "level": "INFO", "logger": "src.utils.timing", "msg": "wait (static) took 504 ms", "run_id": "20251030T172236Z", "thread": "MainThread", "process": 30236}
{"ts": "2025-10-30T17:22:58", "level": "INFO", "logger": "src.core.engine", "msg": "Step 18/44: 03_description_filled", "run_id": "20251030T172236Z", "step_index": 18, "action": "screenshot", "thread": "MainThread", "process": 30236}
{"ts": "2025-10-30T17:22:58", "level": "INFO", "logger": "src.utils.timing", "msg": "screenshot took 270 ms", "run_id": "20251030T172236Z", "thread": "MainThread", "process": 30236}
{"ts": "2025-10-30T17:22:58", "level": "INFO", "logger": "src.core.actions", "msg": "Saved screenshot: C:\\Users\\lokes\\Downloads\\ui-capture-system\\datasets\\github.com\\create_repository\\2025-10-30_17-22-36\\03_description_filled.png", "run_id": "20251030T172236Z", "action": "screenshot", "thread": "MainThread", "process": 30236}
{"ts": "2025-10-30T17:22:59", "level": "INFO", "logger": "src.core.engine", "msg": "Step 19/44: select_public_visibility", "run_id": "20251030T172236Z", "step_index": 19, "action": "click", "thread": "MainThread", "process": 30236}
{"ts": "2025-10-30T17:23:04", "level": "INFO", "logger": "src.utils.timing", "msg": "click took 5.013 s", "run_id": "20251030T172236Z", "thread": "MainThread", "process": 30236}
{"ts": "2025-10-30T17:23:10", "level": "INFO", "logger": "src.utils.timing", "msg": "click took 5.016 s", "run_id": "20251030T172236Z", "thread": "MainThread", "process": 30236}
{"ts": "2025-10-30T17:23:17", "level": "INFO", "logger": "src.utils.timing", "msg": "click took 5.021 s", "run_id": "20251030T172236Z", "thread": "MainThread", "process": 30236}
{"ts": "2025-10-30T17:23:17", "level": "WARNING", "logger": "src.core.engine", "msg": "Step failed but optional/continue_on_error set: Locator.click: Timeout 5000ms exceeded.\nCall log:\n  - waiting for locator(\"input[value='public'], input#repository_visibility_public\")\n", "run_id": "20251030T172236Z", "step_index": 19, "action": "click", "thread": "MainThread", "process": 30236}
{"ts": "2025-10-30T17:23:17", "level": "INFO", "logger": "src.core.engine", "msg": "Step 20/44: wait_after_public", "run_id": "20251030T172236Z", "step_index": 20, "action": "wait", "thread": "MainThread", "process": 30236}
{"ts": "2025-10-30T17:23:17", "level": "INFO", "logger": "src.utils.timing", "msg": "wait (static) took 519 ms", "run_id": "20251030T172236Z", "thread": "MainThread", "process": 30236}
{"ts": "2025-10-30T17:23:18", "level": "INFO", "logger": "src.core.engine", "msg": "Step 21/44: 04_public_selected", "run_id": "20251030T172236Z", "step_index": 21, "action": "screenshot", "thread": "MainThread", "process": 30236}
{"ts": "2025-10-30T17:23:18", "level": "INFO", "logger": "src.utils.timing", "msg": "screenshot took 361 ms", "run_id": "20251030T172236Z", "thread": "MainThread", "process": 30236}
{"ts": "2025-10-30T17:23:18", "level": "INFO", "logger": "src.core.actions", "msg": "Saved screenshot: C:\\Users\\lokes\\Downloads\\ui-capture-system\\datasets\\github.com\\create_repository\\2025-10-30_17-22-36\\04_public_selected.png", "run_id": "20251030T172236Z", "action": "screenshot", "thread": "MainThread", "process": 30236}
{"ts": "2025-10-30T17:23:19", "level": "INFO", "logger": "src.core.engine", "msg": "Step 22/44: select_private_visibility", "run_id": "20251030T172236Z", "step_index": 22, "action": "click", "thread": "MainThread", "process": 30236}
{"ts": "2025-10-30T17:23:24", "level": "INFO", "logger": "src.utils.timing", "msg": "click took 5.014 s", "run_id": "20251030T172236Z", "thread": "MainThread", "process": 30236}
{"ts": "2025-10-30T17:23:30", "level": "INFO", "logger": "src.utils.timing", "msg": "click took 5.007 s", "run_id": "20251030T172236Z", "thread": "MainThread", "process": 30236}
{"ts": "2025-10-30T17:23:37", "level": "INFO", "logger": "src.utils.timing", "msg": "click took 5.009 s", "run_id": "20251030T172236Z", "thread": "MainThread", "process": 30236}
{"ts": "2025-10-30T17:23:37", "level": "WARNING", "logger": "src.core.engine", "msg": "Step failed but optional/continue_on_error set: Locator.click: Timeout 5000ms exceeded.\nCall log:\n  - waiting for locator(\"input[value='private'], input#repository_visibility_private\")\n", "run_id": "20251030T172236Z", "step_index": 22, "action": "click", "thread": "MainThread", "process": 30236}
{"ts": "2025-10-30T17:23:37", "level": "INFO", "logger": "src.core.engine", "msg": "Step 23/44: 04a_private_selected", "run_id": "20251030T172236Z", "step_index": 23, "action": "screenshot", "thread": "MainThread", "process": 30236}
{"ts": "2025-10-30T17:23:37", "level": "INFO", "logger": "src.utils.timing", "msg": "screenshot took 272 ms", "run_id": "20251030T172236Z", "thread": "MainThread", "process": 30236}
{"ts": "2025-10-30T17:23:37", "level": "INFO", "logger": "src.core.actions", "msg": "Saved screenshot: C:\\Users\\lokes\\Downloads\\ui-capture-system\\datasets\\github.com\\create_repository\\2025-10-30_17-22-36\\04a_private_selected.png", "run_id": "20251030T172236Z", "action": "screenshot", "thread": "MainThread", "process": 30236}
{"ts": "2025-10-30T17:23:38", "level": "INFO", "logger": "src.core.engine", "msg": "Step 24/44: check_add_readme", "run_id": "20251030T172236Z", "step_index": 24, "action": "click", "thread": "MainThread", "process": 30236}
{"ts": "2025-10-30T17:23:38", "level": "INFO", "logger": "src.utils.timing", "msg": "click took 94 ms", "run_id": "20251030T172236Z", "thread": "MainThread", "process": 30236}
{"ts": "2025-10-30T17:23:38", "level": "INFO", "logger": "src.core.engine", "msg": "Step 25/44: wait_after_readme", "run_id": "20251030T172236Z", "step_index": 25, "action": "wait", "thread": "MainThread", "process": 30236}
{"ts": "2025-10-30T17:23:39", "level": "INFO", "logger": "src.utils.timing", "msg": "wait (static) took 511 ms", "run_id": "20251030T172236Z", "thread": "MainThread", "process": 30236}
{"ts": "2025-10-30T17:23:40", "level": "INFO", "logger": "src.core.engine", "msg": "Step 26/44: 05_readme_checked", "run_id": "20251030T172236Z", "step_index": 26, "action": "screenshot", "thread": "MainThread", "process": 30236}
{"ts": "2025-10-30T17:23:40", "level": "INFO", "logger": "src.utils.timing", "msg": "screenshot took 270 ms", "run_id": "20251030T172236Z", "thread": "MainThread", "process": 30236}
{"ts": "2025-10-30T17:23:40", "level": "INFO", "logger": "src.core.actions", "msg": "Saved screenshot: C:\\Users\\lokes\\Downloads\\ui-capture-system\\datasets\\github.com\\create_repository\\2025-10-30_17-22-36\\05_readme_checked.png", "run_id": "20251030T172236Z", "action": "screenshot", "thread": "MainThread", "process": 30236}
{"ts": "2025-10-30T17:23:41", "level": "INFO", "logger": "src.core.engine", "msg": "Step 27/44: open_gitignore_dropdown", "run_id": "20251030T172236Z", "step_index": 27, "action": "click", "thread": "MainThread", "process": 30236}
{"ts": "2025-10-30T17:23:41", "level": "INFO", "logger": "src.utils.timing", "msg": "click took 584 ms", "run_id": "20251030T172236Z", "thread": "MainThread", "process": 30236}
{"ts": "2025-10-30T17:23:42", "level": "INFO", "logger": "src.core.engine", "msg": "Step 28/44: wait_gitignore_menu", "run_id": "20251030T172236Z", "step_index": 28, "action": "wait", "thread": "MainThread", "process": 30236}
{"ts": "2025-10-30T17:23:43", "level": "INFO", "logger": "src.utils.timing", "msg": "wait (static) took 808 ms", "run_id": "20251030T172236Z", "thread": "MainThread", "process": 30236}
{"ts": "2025-10-30T17:23:43", "level": "INFO", "logger": "src.core.engine", "msg": "Step 29/44: 06_gitignore_dropdown", "run_id": "20251030T172236Z", "step_index": 29, "action": "screenshot", "thread": "MainThread", "process": 30236}
{"ts": "2025-10-30T17:23:44", "level": "INFO", "logger": "src.utils.timing", "msg": "screenshot took 739 ms", "run_id": "20251030T172236Z", "thread": "MainThread", "process": 30236}
{"ts": "2025-10-30T17:23:44", "level": "INFO", "logger": "src.core.actions", "msg": "Saved screenshot: C:\\Users\\lokes\\Downloads\\ui-capture-system\\datasets\\github.com\\create_repository\\2025-10-30_17-22-36\\06_gitignore_dropdown.png", "run_id": "20251030T172236Z", "action": "screenshot", "thread": "MainThread", "process": 30236}
{"ts": "2025-10-30T17:23:45", "level": "INFO", "logger": "src.core.engine", "msg": "Step 30/44: search_gitignore", "run_id": "20251030T172236Z", "step_index": 30, "action": "fill", "thread": "MainThread", "process": 30236}
{"ts": "2025-10-30T17:23:50", "level": "INFO", "logger": "src.utils.timing", "msg": "fill took 5.015 s", "run_id": "20251030T172236Z", "thread": "MainThread", "process": 30236}
{"ts": "2025-10-30T17:23:56", "level": "INFO", "logger": "src.utils.timing", "msg": "fill took 5.006 s", "run_id": "20251030T172236Z", "thread": "MainThread", "process": 30236}
{"ts": "2025-10-30T17:24:03", "level": "INFO", "logger": "src.utils.timing", "msg": "fill took 5.019 s", "run_id": "20251030T172236Z", "thread": "MainThread", "process": 30236}
{"ts": "2025-10-30T17:24:03", "level": "WARNING", "logger": "src.core.engine", "msg": "Step failed but optional/continue_on_error set: Locator.fill: Timeout 5000ms exceeded.\nCall log:\n  - waiting for locator(\"input[placeholder*='gitignore']\")\n", "run_id": "20251030T172236Z", "step_index": 30, "action": "fill", "thread": "MainThread", "process": 30236}
{"ts": "2025-10-30T17:24:03", "level": "INFO", "logger": "src.core.engine", "msg": "Step 31/44: wait_search_results", "run_id": "20251030T172236Z", "step_index": 31, "action": "wait", "thread": "MainThread", "process": 30236}
{"ts": "2025-10-30T17:24:03", "level": "INFO", "logger": "src.utils.timing", "msg": "wait (static) took 520 ms", "run_id": "20251030T172236Z", "thread": "MainThread", "process": 30236}
{"ts": "2025-10-30T17:24:04", "level": "INFO", "logger": "src.core.engine", "msg": "Step 32/44: select_python_gitignore", "run_id": "20251030T172236Z", "step_index": 32, "action": "click", "thread": "MainThread", "process": 30236}
{"ts": "2025-10-30T17:24:09", "level": "INFO", "logger": "src.utils.timing", "msg": "click took 5.020 s", "run_id": "20251030T172236Z", "thread": "MainThread", "process": 30236}
{"ts": "2025-10-30T17:24:15", "level": "INFO", "logger": "src.utils.timing", "msg": "click took 5.012 s", "run_id": "20251030T172236Z", "thread": "MainThread", "process": 30236}
{"ts": "2025-10-30T17:24:22", "level": "INFO", "logger": "src.utils.timing", "msg": "click took 5.011 s", "run_id": "20251030T172236Z", "thread": "MainThread", "process": 30236}
{"ts": "2025-10-30T17:24:22", "level": "WARNING", "logger": "src.core.engine", "msg": "Step failed but optional/continue_on_error set: Locator.click: Timeout 5000ms exceeded.\nCall log:\n  - waiting for locator(\"div[data-filterable-for*='gitignore']:has-text('Python')\")\n", "run_id": "20251030T172236Z", "step_index": 32, "action": "click", "thread": "MainThread", "process": 30236}
{"ts": "2025-10-30T17:24:22", "level": "INFO", "logger": "src.core.engine", "msg": "Step 33/44: 07_gitignore_selected", "run_id": "20251030T172236Z", "step_index": 33, "action": "screenshot", "thread": "MainThread", "process": 30236}
{"ts": "2025-10-30T17:24:22", "level": "INFO", "logger": "src.utils.timing", "msg": "screenshot took 768 ms", "run_id": "20251030T172236Z", "thread": "MainThread", "process": 30236}
{"ts": "2025-10-30T17:24:22", "level": "INFO", "logger": "src.core.actions", "msg": "Saved screenshot: C:\\Users\\lokes\\Downloads\\ui-capture-system\\datasets\\github.com\\create_repository\\2025-10-30_17-22-36\\07_gitignore_selected.png", "run_id": "20251030T172236Z", "action": "screenshot", "thread": "MainThread", "process": 30236}
{"ts": "2025-10-30T17:24:23", "level": "INFO", "logger": "src.core.engine", "msg": "Step 34/44: open_license_dropdown", "run_id": "20251030T172236Z", "step_index": 34, "action": "click", "thread": "MainThread", "process": 30236}
{"ts": "2025-10-30T17:24:28", "level": "INFO", "logger": "src.utils.timing", "msg": "click took 5.016 s", "run_id": "20251030T172236Z", "thread": "MainThread", "process": 30236}
{"ts": "2025-10-30T17:24:34", "level": "INFO", "logger": "src.utils.timing", "msg": "click took 5.018 s", "run_id": "20251030T172236Z", "thread": "MainThread", "process": 30236}
{"ts": "2025-10-30T17:24:41", "level": "INFO", "logger": "src.utils.timing", "msg": "click took 5.021 s", "run_id": "20251030T172236Z", "thread": "MainThread", "process": 30236}
{"ts": "2025-10-30T17:24:41", "level": "WARNING", "logger": "src.core.engine", "msg": "Step failed but optional/continue_on_error set: Locator.click: Timeout 5000ms exceeded.\nCall log:\n  - waiting for locator(\"summary:has-text('license'), button:has-text('license')\")\n    - locator resolved to <button id=\":ro:\" tabindex=\"0\" type=\"button\" data-size=\"medium\" aria-haspopup=\"true\" data-loading=\"false\" aria-expanded=\"false\" data-variant=\"default\" class=\"prc-Button-ButtonBase-c50BI\" aria-describedby=\":ro:-loading-announcement add-license\">…</button>\n  - attempting click action\n    2 × waiting for element to be visible, enabled and stable\n      - element is visible, enabled and stable\n      - scrolling into view if needed\n      - done scrolling\n      - <input value=\"\" type=\"text\" role=\"combobox\" color=\"fg.default\" aria-expanded=\"true\" aria-controls=\":r1a:\" data-component=\"input\" aria-autocomplete=\"list\" data-focus-visible-added=\"\" aria-activedescendant=\":r1i:\" placeholder=\"Search templates\" aria-describedby=\"add-gitignore :r1c:\" aria-label=\".gitignore template filter\" class=\"prc-components-Input-Ic-y8 focus-visible\"/> from <div role=\"region\" data-turbo-permanent=\"\" id=\"__primerPortalRoot__\">…</div> subtree intercepts pointer events\n    - retrying click action\n    - waiting 20ms\n    2 × waiting for element to be visible, enabled and stable\n      - element is visible, enabled and stable\n      - scrolling into view if needed\n      - done scrolling\n      - <input value=\"\" type=\"text\" role=\"combobox\" color=\"fg.default\" aria-expanded=\"true\" aria-controls=\":r1a:\" data-component=\"input\" aria-autocomplete=\"list\" data-focus-visible-added=\"\" aria-activedescendant=\":r1i:\" placeholder=\"Search templates\" aria-describedby=\"add-gitignore :r1c:\" aria-label=\".gitignore template filter\" class=\"prc-components-Input-Ic-y8 focus-visible\"/> from <div role=\"region\" data-turbo-permanent=\"\" id=\"__primerPortalRoot__\">…</div> subtree intercepts pointer events\n    - retrying click action\n      - waiting 100ms\n    8 × waiting for element to be visible, enabled and stable\n      - element is visible, enabled and stable\n      - scrolling into view if needed\n      - done scrolling\n      - <input value=\"\" type=\"text\" role=\"combobox\" color=\"fg.default\" aria-expanded=\"true\" aria-controls=\":r1a:\" data-component=\"input\" aria-autocomplete=\"list\" data-focus-visible-added=\"\" aria-activedescendant=\":r1i:\" placeholder=\"Search templates\" aria-describedby=\"add-gitignore :r1c:\" aria-label=\".gitignore template filter\" class=\"prc-components-Input-Ic-y8 focus-visible\"/> from <div role=\"region\" data-turbo-permanent=\"\" id=\"__primerPortalRoot__\">…</div> subtree intercepts pointer events\n    - retrying click action\n      - waiting 500ms\n", "run_id": "20251030T172236Z", "step_index": 34, "action": "click", "thread": "MainThread", "process": 30236}
{"ts": "2025-10-30T17:24:41", "level": "INFO", "logger": "src.core.engine", "msg": "Step 35/44: wait_license_menu", "run_id": "20251030T172236Z", "step_index": 35, "action": "wait", "thread": "MainThread", "process": 30236}
{"ts": "2025-10-30T17:24:42", "level": "INFO", "logger": "src.utils.timing", "msg": "wait (static) took 814 ms", "run_id": "20251030T172236Z", "thread": "MainThread", "process": 30236}
{"ts": "2025-10-30T17:24:42", "level": "INFO", "logger": "src.core.engine", "msg": "Step 36/44: 08_license_dropdown", "run_id": "20251030T172236Z", "step_index": 36, "action": "screenshot", "thread": "MainThread", "process": 30236}
{"ts": "2025-10-30T17:24:43", "level": "INFO", "logger": "src.utils.timing", "msg": "screenshot took 757 ms", "run_id": "20251030T172236Z", "thread": "MainThread", "process": 30236}
{"ts": "2025-10-30T17:24:43", "level": "INFO", "logger": "src.core.actions", "msg": "Saved screenshot: C:\\Users\\lokes\\Downloads\\ui-capture-system\\datasets\\github.com\\create_repository\\2025-10-30_17-22-36\\08_license_dropdown.png", "run_id": "20251030T172236Z", "action": "screenshot", "thread": "MainThread", "process": 30236}
{"ts": "2025-10-30T17:24:44", "level": "INFO", "logger": "src.core.engine", "msg": "Step 37/44: select_mit_license", "run_id": "20251030T172236Z", "step_index": 37, "action": "click", "thread": "MainThread", "process": 30236}
{"ts": "2025-10-30T17:24:49", "level": "INFO", "logger": "src.utils.timing", "msg": "click took 5.016 s", "run_id": "20251030T172236Z", "thread": "MainThread", "process": 30236}
{"ts": "2025-10-30T17:24:55", "level": "INFO", "logger": "src.utils.timing", "msg": "click took 5.006 s", "run_id": "20251030T172236Z", "thread": "MainThread", "process": 30236}
{"ts": "2025-10-30T17:25:02", "level": "INFO", "logger": "src.utils.timing", "msg": "click took 5.009 s", "run_id": "20251030T172236Z", "thread": "MainThread", "process": 30236}
{"ts": "2025-10-30T17:25:02", "level": "WARNING", "logger": "src.core.engine", "msg": "Step failed but optional/continue_on_error set: Locator.click: Timeout 5000ms exceeded.\nCall log:\n  - waiting for locator(\"div:has-text('MIT License')\")\n", "run_id": "20251030T172236Z", "step_index": 37, "action": "click", "thread": "MainThread", "process": 30236}
{"ts": "2025-10-30T17:25:02", "level": "INFO", "logger": "src.core.engine", "msg": "Step 38/44: 09_license_selected", "run_id": "20251030T172236Z", "step_index": 38, "action": "screenshot", "thread": "MainThread", "process": 30236}
{"ts": "2025-10-30T17:25:03", "level": "INFO", "logger": "src.utils.timing", "msg": "screenshot took 711 ms", "run_id": "20251030T172236Z", "thread": "MainThread", "process": 30236}
{"ts": "2025-10-30T17:25:03", "level": "INFO", "logger": "src.core.actions", "msg": "Saved screenshot: C:\\Users\\lokes\\Downloads\\ui-capture-system\\datasets\\github.com\\create_repository\\2025-10-30_17-22-36\\09_license_selected.png", "run_id": "20251030T172236Z", "action": "screenshot", "thread": "MainThread", "process": 30236}
{"ts": "2025-10-30T17:25:03", "level": "INFO", "logger": "src.core.engine", "msg": "Step 39/44: 10_ready_to_create", "run_id": "20251030T172236Z", "step_index": 39, "action": "screenshot", "thread": "MainThread", "process": 30236}
{"ts": "2025-10-30T17:25:04", "level": "INFO", "logger": "src.utils.timing", "msg": "screenshot took 720 ms", "run_id": "20251030T172236Z", "thread": "MainThread", "process": 30236}
{"ts": "2025-10-30T17:25:04", "level": "INFO", "logger": "src.core.actions", "msg": "Saved screenshot: C:\\Users\\lokes\\Downloads\\ui-capture-system\\datasets\\github.com\\create_repository\\2025-10-30_17-22-36\\10_ready_to_create.png", "run_id": "20251030T172236Z", "action": "screenshot", "thread": "MainThread", "process": 30236}
{"ts": "2025-10-30T17:25:04", "level": "INFO", "logger": "src.core.engine", "msg": "Step 40/44: submit_via_enter", "run_id": "20251030T172236Z", "step_index": 40, "action": "press", "thread": "MainThread", "process": 30236}
{"ts": "2025-10-30T17:25:05", "level": "INFO", "logger": "src.utils.timing", "msg": "press took 47 ms", "run_id": "20251030T172236Z", "thread": "MainThread", "process": 30236}
{"ts": "2025-10-30T17:25:05", "level": "INFO", "logger": "src.core.engine", "msg": "Step 41/44: create_repository", "run_id": "20251030T172236Z", "step_index": 41, "action": "click", "thread": "MainThread", "process": 30236}
{"ts": "2025-10-30T17:25:05", "level": "INFO", "logger": "src.utils.timing", "msg": "click took 82 ms", "run_id": "20251030T172236Z", "thread": "MainThread", "process": 30236}
{"ts": "2025-10-30T17:25:06", "level": "INFO", "logger": "src.core.engine", "msg": "Step 42/44: 11_repository_created", "run_id": "20251030T172236Z", "step_index": 42, "action": "screenshot", "thread": "MainThread", "process": 30236}
{"ts": "2025-10-30T17:25:06", "level": "INFO", "logger": "src.utils.timing", "msg": "screenshot took 315 ms", "run_id": "20251030T172236Z", "thread": "MainThread", "process": 30236}
{"ts": "2025-10-30T17:25:06", "level": "INFO", "logger": "src.core.actions", "msg": "Saved screenshot: C:\\Users\\lokes\\Downloads\\ui-capture-system\\datasets\\github.com\\create_repository\\2025-10-30_17-22-36\\11_repository_created.png", "run_id": "20251030T172236Z", "action": "screenshot", "thread": "MainThread", "process": 30236}
{"ts": "2025-10-30T17:25:07", "level": "INFO", "logger": "src.core.engine", "msg": "Step 43/44: final_settle", "run_id": "20251030T172236Z", "step_index": 43, "action": "wait", "thread": "MainThread", "process": 30236}
{"ts": "2025-10-30T17:25:08", "level": "INFO", "logger": "src.utils.timing", "msg": "wait (static) took 1.512 s", "run_id": "20251030T172236Z", "thread": "MainThread", "process": 30236}
{"ts": "2025-10-30T17:25:09", "level": "INFO", "logger": "src.core.engine", "msg": "Step 44/44: 12_repo_home_page", "run_id": "20251030T172236Z", "step_index": 44, "action": "screenshot", "thread": "MainThread", "process": 30236}
{"ts": "2025-10-30T17:25:09", "level": "INFO", "logger": "src.utils.timing", "msg": "screenshot took 221 ms", "run_id": "20251030T172236Z", "thread": "MainThread", "process": 30236}
{"ts": "2025-10-30T17:25:09", "level": "INFO", "logger": "src.core.actions", "msg": "Saved screenshot: C:\\Users\\lokes\\Downloads\\ui-capture-system\\datasets\\github.com\\create_repository\\2025-10-30_17-22-36\\12_repo_home_page.png", "run_id": "20251030T172236Z", "action": "screenshot", "thread": "MainThread", "process": 30236}
