{"ts": "2025-10-30T17:04:54", "level": "INFO", "logger": "src.core.engine", "msg": "Starting workflow: www.notion.so/create_database (steps=49)", "run_id": "20251030T170451Z", "site": "www.notion.so", "task": "create_database", "thread": "MainThread", "process": 33392}
{"ts": "2025-10-30T17:04:54", "level": "INFO", "logger": "src.core.engine", "msg": "Step 1/49: open_home", "run_id": "20251030T170451Z", "step_index": 1, "action": "goto", "thread": "MainThread", "process": 33392}
{"ts": "2025-10-30T17:04:54", "level": "INFO", "logger": "src.utils.timing", "msg": "goto took 756 ms", "run_id": "20251030T170451Z", "thread": "MainThread", "process": 33392}
{"ts": "2025-10-30T17:04:55", "level": "INFO", "logger": "src.core.engine", "msg": "Step 2/49: settle_home", "run_id": "20251030T170451Z", "step_index": 2, "action": "wait", "thread": "MainThread", "process": 33392}
{"ts": "2025-10-30T17:04:57", "level": "INFO", "logger": "src.utils.timing", "msg": "wait (static) took 1.513 s", "run_id": "20251030T170451Z", "thread": "MainThread", "process": 33392}
{"ts": "2025-10-30T17:04:57", "level": "INFO", "logger": "src.core.engine", "msg": "Step 3/49: 01_home", "run_id": "20251030T170451Z", "step_index": 3, "action": "screenshot", "thread": "MainThread", "process": 33392}
{"ts": "2025-10-30T17:04:59", "level": "INFO", "logger": "src.utils.timing", "msg": "screenshot took 1.695 s", "run_id": "20251030T170451Z", "thread": "MainThread", "process": 33392}
{"ts": "2025-10-30T17:04:59", "level": "INFO", "logger": "src.core.actions", "msg": "Saved screenshot: C:\\Users\\lokes\\Downloads\\ui-capture-system\\datasets\\www.notion.so\\create_database\\2025-10-30_17-04-51\\01_home.png", "run_id": "20251030T170451Z", "action": "screenshot", "thread": "MainThread", "process": 33392}
{"ts": "2025-10-30T17:05:00", "level": "INFO", "logger": "src.core.engine", "msg": "Step 4/49: open_new_icon_primary", "run_id": "20251030T170451Z", "step_index": 4, "action": "click", "thread": "MainThread", "process": 33392}
{"ts": "2025-10-30T17:05:06", "level": "INFO", "logger": "src.utils.timing", "msg": "click took 6.022 s", "run_id": "20251030T170451Z", "thread": "MainThread", "process": 33392}
{"ts": "2025-10-30T17:05:13", "level": "INFO", "logger": "src.utils.timing", "msg": "click took 6.008 s", "run_id": "20251030T170451Z", "thread": "MainThread", "process": 33392}
{"ts": "2025-10-30T17:05:20", "level": "INFO", "logger": "src.utils.timing", "msg": "click took 6.007 s", "run_id": "20251030T170451Z", "thread": "MainThread", "process": 33392}
{"ts": "2025-10-30T17:05:20", "level": "WARNING", "logger": "src.core.engine", "msg": "Step failed but optional/continue_on_error set: Locator.click: Timeout 6000ms exceeded.\nCall log:\n  - waiting for locator(\"button[aria-label*='New'][aria-haspopup='menu']\").first\n", "run_id": "20251030T170451Z", "step_index": 4, "action": "click", "thread": "MainThread", "process": 33392}
{"ts": "2025-10-30T17:05:20", "level": "INFO", "logger": "src.core.engine", "msg": "Step 5/49: s_open_new_icon_primary_clicked", "run_id": "20251030T170451Z", "step_index": 5, "action": "screenshot", "thread": "MainThread", "process": 33392}
{"ts": "2025-10-30T17:05:21", "level": "INFO", "logger": "src.utils.timing", "msg": "screenshot took 310 ms", "run_id": "20251030T170451Z", "thread": "MainThread", "process": 33392}
{"ts": "2025-10-30T17:05:21", "level": "INFO", "logger": "src.core.actions", "msg": "Saved screenshot: C:\\Users\\lokes\\Downloads\\ui-capture-system\\datasets\\www.notion.so\\create_database\\2025-10-30_17-04-51\\s_open_new_icon_primary_clicked.png", "run_id": "20251030T170451Z", "action": "screenshot", "thread": "MainThread", "process": 33392}
{"ts": "2025-10-30T17:05:21", "level": "INFO", "logger": "src.core.engine", "msg": "Step 6/49: open_new_icon_role", "run_id": "20251030T170451Z", "step_index": 6, "action": "click", "thread": "MainThread", "process": 33392}
{"ts": "2025-10-30T17:05:22", "level": "INFO", "logger": "src.utils.timing", "msg": "click took 320 ms", "run_id": "20251030T170451Z", "thread": "MainThread", "process": 33392}
{"ts": "2025-10-30T17:05:22", "level": "INFO", "logger": "src.core.engine", "msg": "Step 7/49: s_open_new_icon_role_clicked", "run_id": "20251030T170451Z", "step_index": 7, "action": "screenshot", "thread": "MainThread", "process": 33392}
{"ts": "2025-10-30T17:05:22", "level": "INFO", "logger": "src.utils.timing", "msg": "screenshot took 210 ms", "run_id": "20251030T170451Z", "thread": "MainThread", "process": 33392}
{"ts": "2025-10-30T17:05:22", "level": "INFO", "logger": "src.core.actions", "msg": "Saved screenshot: C:\\Users\\lokes\\Downloads\\ui-capture-system\\datasets\\www.notion.so\\create_database\\2025-10-30_17-04-51\\s_open_new_icon_role_clicked.png", "run_id": "20251030T170451Z", "action": "screenshot", "thread": "MainThread", "process": 33392}
{"ts": "2025-10-30T17:05:23", "level": "INFO", "logger": "src.core.engine", "msg": "Step 8/49: open_new_icon_fallback", "run_id": "20251030T170451Z", "step_index": 8, "action": "click", "thread": "MainThread", "process": 33392}
{"ts": "2025-10-30T17:05:29", "level": "INFO", "logger": "src.utils.timing", "msg": "click took 6.014 s", "run_id": "20251030T170451Z", "thread": "MainThread", "process": 33392}
{"ts": "2025-10-30T17:05:36", "level": "INFO", "logger": "src.utils.timing", "msg": "click took 6.020 s", "run_id": "20251030T170451Z", "thread": "MainThread", "process": 33392}
{"ts": "2025-10-30T17:05:44", "level": "INFO", "logger": "src.utils.timing", "msg": "click took 6.018 s", "run_id": "20251030T170451Z", "thread": "MainThread", "process": 33392}
{"ts": "2025-10-30T17:05:44", "level": "WARNING", "logger": "src.core.engine", "msg": "Step failed but optional/continue_on_error set: Locator.click: Timeout 6000ms exceeded.\nCall log:\n  - waiting for locator(\"button[aria-haspopup='menu']\").first\n", "run_id": "20251030T170451Z", "step_index": 8, "action": "click", "thread": "MainThread", "process": 33392}
{"ts": "2025-10-30T17:05:44", "level": "INFO", "logger": "src.core.engine", "msg": "Step 9/49: s_open_new_icon_fallback_clicked", "run_id": "20251030T170451Z", "step_index": 9, "action": "screenshot", "thread": "MainThread", "process": 33392}
{"ts": "2025-10-30T17:05:44", "level": "INFO", "logger": "src.utils.timing", "msg": "screenshot took 208 ms", "run_id": "20251030T170451Z", "thread": "MainThread", "process": 33392}
{"ts": "2025-10-30T17:05:44", "level": "INFO", "logger": "src.core.actions", "msg": "Saved screenshot: C:\\Users\\lokes\\Downloads\\ui-capture-system\\datasets\\www.notion.so\\create_database\\2025-10-30_17-04-51\\s_open_new_icon_fallback_clicked.png", "run_id": "20251030T170451Z", "action": "screenshot", "thread": "MainThread", "process": 33392}
{"ts": "2025-10-30T17:05:45", "level": "INFO", "logger": "src.core.engine", "msg": "Step 10/49: open_new_icon_alt_label", "run_id": "20251030T170451Z", "step_index": 10, "action": "click", "thread": "MainThread", "process": 33392}
{"ts": "2025-10-30T17:05:45", "level": "INFO", "logger": "src.utils.timing", "msg": "click took 278 ms", "run_id": "20251030T170451Z", "thread": "MainThread", "process": 33392}
{"ts": "2025-10-30T17:05:46", "level": "INFO", "logger": "src.core.engine", "msg": "Step 11/49: s_open_new_icon_alt_label_clicked", "run_id": "20251030T170451Z", "step_index": 11, "action": "screenshot", "thread": "MainThread", "process": 33392}
{"ts": "2025-10-30T17:05:46", "level": "INFO", "logger": "src.utils.timing", "msg": "screenshot took 213 ms", "run_id": "20251030T170451Z", "thread": "MainThread", "process": 33392}
{"ts": "2025-10-30T17:05:46", "level": "INFO", "logger": "src.core.actions", "msg": "Saved screenshot: C:\\Users\\lokes\\Downloads\\ui-capture-system\\datasets\\www.notion.so\\create_database\\2025-10-30_17-04-51\\s_open_new_icon_alt_label_clicked.png", "run_id": "20251030T170451Z", "action": "screenshot", "thread": "MainThread", "process": 33392}
{"ts": "2025-10-30T17:05:47", "level": "INFO", "logger": "src.core.engine", "msg": "Step 12/49: wait_new_menu", "run_id": "20251030T170451Z", "step_index": 12, "action": "wait_for_selector", "thread": "MainThread", "process": 33392}
{"ts": "2025-10-30T17:05:47", "level": "INFO", "logger": "src.utils.timing", "msg": "wait_for_selector took 31 ms", "run_id": "20251030T170451Z", "thread": "MainThread", "process": 33392}
{"ts": "2025-10-30T17:05:47", "level": "INFO", "logger": "src.core.engine", "msg": "Step 13/49: 02_new_menu_open", "run_id": "20251030T170451Z", "step_index": 13, "action": "screenshot", "thread": "MainThread", "process": 33392}
{"ts": "2025-10-30T17:05:48", "level": "INFO", "logger": "src.utils.timing", "msg": "screenshot took 189 ms", "run_id": "20251030T170451Z", "thread": "MainThread", "process": 33392}
{"ts": "2025-10-30T17:05:48", "level": "INFO", "logger": "src.core.actions", "msg": "Saved screenshot: C:\\Users\\lokes\\Downloads\\ui-capture-system\\datasets\\www.notion.so\\create_database\\2025-10-30_17-04-51\\02_new_menu_open.png", "run_id": "20251030T170451Z", "action": "screenshot", "thread": "MainThread", "process": 33392}
{"ts": "2025-10-30T17:05:48", "level": "INFO", "logger": "src.core.engine", "msg": "Step 14/49: choose_database_primary", "run_id": "20251030T170451Z", "step_index": 14, "action": "click", "thread": "MainThread", "process": 33392}
{"ts": "2025-10-30T17:05:48", "level": "INFO", "logger": "src.utils.timing", "msg": "click took 74 ms", "run_id": "20251030T170451Z", "thread": "MainThread", "process": 33392}
{"ts": "2025-10-30T17:05:49", "level": "INFO", "logger": "src.core.engine", "msg": "Step 15/49: s_choose_database_primary_clicked", "run_id": "20251030T170451Z", "step_index": 15, "action": "screenshot", "thread": "MainThread", "process": 33392}
{"ts": "2025-10-30T17:05:49", "level": "INFO", "logger": "src.utils.timing", "msg": "screenshot took 281 ms", "run_id": "20251030T170451Z", "thread": "MainThread", "process": 33392}
{"ts": "2025-10-30T17:05:49", "level": "INFO", "logger": "src.core.actions", "msg": "Saved screenshot: C:\\Users\\lokes\\Downloads\\ui-capture-system\\datasets\\www.notion.so\\create_database\\2025-10-30_17-04-51\\s_choose_database_primary_clicked.png", "run_id": "20251030T170451Z", "action": "screenshot", "thread": "MainThread", "process": 33392}
{"ts": "2025-10-30T17:05:50", "level": "INFO", "logger": "src.core.engine", "msg": "Step 16/49: choose_database_fallback_text", "run_id": "20251030T170451Z", "step_index": 16, "action": "click", "thread": "MainThread", "process": 33392}
{"ts": "2025-10-30T17:05:50", "level": "INFO", "logger": "src.utils.timing", "msg": "click took 410 ms", "run_id": "20251030T170451Z", "thread": "MainThread", "process": 33392}
{"ts": "2025-10-30T17:05:52", "level": "INFO", "logger": "src.utils.timing", "msg": "click took 422 ms", "run_id": "20251030T170451Z", "thread": "MainThread", "process": 33392}
{"ts": "2025-10-30T17:05:54", "level": "INFO", "logger": "src.utils.timing", "msg": "click took 449 ms", "run_id": "20251030T170451Z", "thread": "MainThread", "process": 33392}
{"ts": "2025-10-30T17:05:54", "level": "WARNING", "logger": "src.core.engine", "msg": "Step failed but optional/continue_on_error set: Locator.click: Error: strict mode violation: locator(\"text=Database\") resolved to 6 elements:\n    1) <div id=\":r5:\" class=\"notranslate\">Lokesh Database</div> aka get_by_role(\"treeitem\", name=\"Lokesh Database\").first\n    2) <div id=\":r9:\" class=\"notranslate\">Lokesh Database</div> aka get_by_role(\"treeitem\", name=\"Lokesh Database\").nth(1)\n    3) <div id=\":rd:\" class=\"notranslate\">Lokesh Database</div> aka get_by_role(\"treeitem\", name=\"Lokesh Database\").nth(2)\n    4) <div id=\":rj:\" class=\"notranslate\">Lokesh Database</div> aka get_by_role(\"treeitem\", name=\"Lokesh Database\").nth(3)\n    5) <div>Database</div> aka get_by_text(\"Database\", exact=True)\n    6) <div>Empty database</div> aka get_by_role(\"button\", name=\"Empty database\")\n\nCall log:\n  - waiting for locator(\"text=Database\")\n", "run_id": "20251030T170451Z", "step_index": 16, "action": "click", "thread": "MainThread", "process": 33392}
{"ts": "2025-10-30T17:05:54", "level": "INFO", "logger": "src.core.engine", "msg": "Step 17/49: s_choose_database_fallback_text_clicked", "run_id": "20251030T170451Z", "step_index": 17, "action": "screenshot", "thread": "MainThread", "process": 33392}
{"ts": "2025-10-30T17:05:54", "level": "INFO", "logger": "src.utils.timing", "msg": "screenshot took 210 ms", "run_id": "20251030T170451Z", "thread": "MainThread", "process": 33392}
{"ts": "2025-10-30T17:05:54", "level": "INFO", "logger": "src.core.actions", "msg": "Saved screenshot: C:\\Users\\lokes\\Downloads\\ui-capture-system\\datasets\\www.notion.so\\create_database\\2025-10-30_17-04-51\\s_choose_database_fallback_text_clicked.png", "run_id": "20251030T170451Z", "action": "screenshot", "thread": "MainThread", "process": 33392}
{"ts": "2025-10-30T17:05:55", "level": "INFO", "logger": "src.core.engine", "msg": "Step 18/49: choose_database_fallback_treeitem", "run_id": "20251030T170451Z", "step_index": 18, "action": "click", "thread": "MainThread", "process": 33392}
{"ts": "2025-10-30T17:06:01", "level": "INFO", "logger": "src.utils.timing", "msg": "click took 6.014 s", "run_id": "20251030T170451Z", "thread": "MainThread", "process": 33392}
{"ts": "2025-10-30T17:06:08", "level": "INFO", "logger": "src.utils.timing", "msg": "click took 6.010 s", "run_id": "20251030T170451Z", "thread": "MainThread", "process": 33392}
{"ts": "2025-10-30T17:06:16", "level": "INFO", "logger": "src.utils.timing", "msg": "click took 6.015 s", "run_id": "20251030T170451Z", "thread": "MainThread", "process": 33392}
{"ts": "2025-10-30T17:06:16", "level": "WARNING", "logger": "src.core.engine", "msg": "Step failed but optional/continue_on_error set: Locator.click: Timeout 6000ms exceeded.\nCall log:\n  - waiting for locator(\"role=treeitem[name=/^New database$/i]\").first\n", "run_id": "20251030T170451Z", "step_index": 18, "action": "click", "thread": "MainThread", "process": 33392}
{"ts": "2025-10-30T17:06:16", "level": "INFO", "logger": "src.core.engine", "msg": "Step 19/49: wait_new_database_panel", "run_id": "20251030T170451Z", "step_index": 19, "action": "wait_for_selector", "thread": "MainThread", "process": 33392}
{"ts": "2025-10-30T17:06:16", "level": "INFO", "logger": "src.utils.timing", "msg": "wait_for_selector took 170 ms", "run_id": "20251030T170451Z", "thread": "MainThread", "process": 33392}
{"ts": "2025-10-30T17:06:17", "level": "INFO", "logger": "src.utils.timing", "msg": "wait_for_selector took 169 ms", "run_id": "20251030T170451Z", "thread": "MainThread", "process": 33392}
{"ts": "2025-10-30T17:06:19", "level": "INFO", "logger": "src.utils.timing", "msg": "wait_for_selector took 157 ms", "run_id": "20251030T170451Z", "thread": "MainThread", "process": 33392}
{"ts": "2025-10-30T17:06:19", "level": "WARNING", "logger": "src.core.engine", "msg": "Step failed but optional/continue_on_error set: Locator.wait_for: Error: strict mode violation: locator(\"[role='dialog'], [aria-modal='true'], dialog\") resolved to 2 elements:\n    1) <div role=\"dialog\">…</div> aka get_by_role(\"dialog\").filter(has_text=\"Open Notion MailThe self-\")\n    2) <div role=\"dialog\" tabindex=\"-1\" aria-modal=\"true\" class=\"notion-dialog\">…</div> aka get_by_role(\"dialog\").filter(has_text=\"Add toPrivateEmpty\")\n\nCall log:\n  - waiting for locator(\"[role='dialog'], [aria-modal='true'], dialog\") to be visible\n", "run_id": "20251030T170451Z", "step_index": 19, "action": "wait_for_selector", "thread": "MainThread", "process": 33392}
{"ts": "2025-10-30T17:06:19", "level": "INFO", "logger": "src.core.engine", "msg": "Step 20/49: 03_new_database_panel", "run_id": "20251030T170451Z", "step_index": 20, "action": "screenshot", "thread": "MainThread", "process": 33392}
{"ts": "2025-10-30T17:06:19", "level": "INFO", "logger": "src.utils.timing", "msg": "screenshot took 239 ms", "run_id": "20251030T170451Z", "thread": "MainThread", "process": 33392}
{"ts": "2025-10-30T17:06:19", "level": "INFO", "logger": "src.core.actions", "msg": "Saved screenshot: C:\\Users\\lokes\\Downloads\\ui-capture-system\\datasets\\www.notion.so\\create_database\\2025-10-30_17-04-51\\03_new_database_panel.png", "run_id": "20251030T170451Z", "action": "screenshot", "thread": "MainThread", "process": 33392}
{"ts": "2025-10-30T17:06:20", "level": "INFO", "logger": "src.core.engine", "msg": "Step 21/49: choose_new_empty_data_source", "run_id": "20251030T170451Z", "step_index": 21, "action": "click", "thread": "MainThread", "process": 33392}
{"ts": "2025-10-30T17:06:28", "level": "INFO", "logger": "src.utils.timing", "msg": "click took 8.012 s", "run_id": "20251030T170451Z", "thread": "MainThread", "process": 33392}
{"ts": "2025-10-30T17:06:37", "level": "INFO", "logger": "src.utils.timing", "msg": "click took 8.014 s", "run_id": "20251030T170451Z", "thread": "MainThread", "process": 33392}
{"ts": "2025-10-30T17:06:47", "level": "INFO", "logger": "src.utils.timing", "msg": "click took 8.014 s", "run_id": "20251030T170451Z", "thread": "MainThread", "process": 33392}
{"ts": "2025-10-30T17:06:47", "level": "WARNING", "logger": "src.core.engine", "msg": "Step failed but optional/continue_on_error set: Locator.click: Timeout 8000ms exceeded.\nCall log:\n  - waiting for locator(\"text=New empty data source\")\n", "run_id": "20251030T170451Z", "step_index": 21, "action": "click", "thread": "MainThread", "process": 33392}
{"ts": "2025-10-30T17:06:47", "level": "INFO", "logger": "src.core.engine", "msg": "Step 22/49: choose_empty_database_tile", "run_id": "20251030T170451Z", "step_index": 22, "action": "click", "thread": "MainThread", "process": 33392}
{"ts": "2025-10-30T17:06:47", "level": "INFO", "logger": "src.utils.timing", "msg": "click took 542 ms", "run_id": "20251030T170451Z", "thread": "MainThread", "process": 33392}
{"ts": "2025-10-30T17:06:48", "level": "INFO", "logger": "src.core.engine", "msg": "Step 23/49: settle_db_page", "run_id": "20251030T170451Z", "step_index": 23, "action": "wait", "thread": "MainThread", "process": 33392}
{"ts": "2025-10-30T17:06:49", "level": "INFO", "logger": "src.utils.timing", "msg": "wait (static) took 809 ms", "run_id": "20251030T170451Z", "thread": "MainThread", "process": 33392}
{"ts": "2025-10-30T17:06:49", "level": "INFO", "logger": "src.core.engine", "msg": "Step 24/49: db_loaded", "run_id": "20251030T170451Z", "step_index": 24, "action": "screenshot", "thread": "MainThread", "process": 33392}
{"ts": "2025-10-30T17:06:50", "level": "INFO", "logger": "src.utils.timing", "msg": "screenshot took 238 ms", "run_id": "20251030T170451Z", "thread": "MainThread", "process": 33392}
{"ts": "2025-10-30T17:06:50", "level": "INFO", "logger": "src.core.actions", "msg": "Saved screenshot: C:\\Users\\lokes\\Downloads\\ui-capture-system\\datasets\\www.notion.so\\create_database\\2025-10-30_17-04-51\\db_loaded.png", "run_id": "20251030T170451Z", "action": "screenshot", "thread": "MainThread", "process": 33392}
{"ts": "2025-10-30T17:06:50", "level": "INFO", "logger": "src.core.engine", "msg": "Step 25/49: wait_db_title_input", "run_id": "20251030T170451Z", "step_index": 25, "action": "wait_for_selector", "thread": "MainThread", "process": 33392}
{"ts": "2025-10-30T17:07:05", "level": "INFO", "logger": "src.utils.timing", "msg": "wait_for_selector took 15.009 s", "run_id": "20251030T170451Z", "thread": "MainThread", "process": 33392}
{"ts": "2025-10-30T17:07:21", "level": "INFO", "logger": "src.utils.timing", "msg": "wait_for_selector took 15.012 s", "run_id": "20251030T170451Z", "thread": "MainThread", "process": 33392}
{"ts": "2025-10-30T17:07:38", "level": "INFO", "logger": "src.utils.timing", "msg": "wait_for_selector took 15.013 s", "run_id": "20251030T170451Z", "thread": "MainThread", "process": 33392}
{"ts": "2025-10-30T17:07:38", "level": "WARNING", "logger": "src.core.engine", "msg": "Step failed but optional/continue_on_error set: Locator.wait_for: Timeout 15000ms exceeded.\nCall log:\n  - waiting for locator(\"[data-testid='title-input']\") to be visible\n", "run_id": "20251030T170451Z", "step_index": 25, "action": "wait_for_selector", "thread": "MainThread", "process": 33392}
{"ts": "2025-10-30T17:07:38", "level": "INFO", "logger": "src.core.engine", "msg": "Step 26/49: wait_db_title_heading", "run_id": "20251030T170451Z", "step_index": 26, "action": "wait_for_selector", "thread": "MainThread", "process": 33392}
{"ts": "2025-10-30T17:07:38", "level": "INFO", "logger": "src.utils.timing", "msg": "wait_for_selector took 39 ms", "run_id": "20251030T170451Z", "thread": "MainThread", "process": 33392}
{"ts": "2025-10-30T17:07:39", "level": "INFO", "logger": "src.core.engine", "msg": "Step 27/49: focus_db_title", "run_id": "20251030T170451Z", "step_index": 27, "action": "click", "thread": "MainThread", "process": 33392}
{"ts": "2025-10-30T17:07:39", "level": "INFO", "logger": "src.utils.timing", "msg": "click took 252 ms", "run_id": "20251030T170451Z", "thread": "MainThread", "process": 33392}
{"ts": "2025-10-30T17:07:40", "level": "INFO", "logger": "src.core.engine", "msg": "Step 28/49: 03b_title_focused", "run_id": "20251030T170451Z", "step_index": 28, "action": "screenshot", "thread": "MainThread", "process": 33392}
{"ts": "2025-10-30T17:07:40", "level": "INFO", "logger": "src.utils.timing", "msg": "screenshot took 411 ms", "run_id": "20251030T170451Z", "thread": "MainThread", "process": 33392}
{"ts": "2025-10-30T17:07:40", "level": "INFO", "logger": "src.core.actions", "msg": "Saved screenshot: C:\\Users\\lokes\\Downloads\\ui-capture-system\\datasets\\www.notion.so\\create_database\\2025-10-30_17-04-51\\03b_title_focused.png", "run_id": "20251030T170451Z", "action": "screenshot", "thread": "MainThread", "process": 33392}
{"ts": "2025-10-30T17:07:41", "level": "INFO", "logger": "src.core.engine", "msg": "Step 29/49: set_db_title", "run_id": "20251030T170451Z", "step_index": 29, "action": "fill", "thread": "MainThread", "process": 33392}
{"ts": "2025-10-30T17:07:41", "level": "INFO", "logger": "src.utils.timing", "msg": "fill took 138 ms", "run_id": "20251030T170451Z", "thread": "MainThread", "process": 33392}
{"ts": "2025-10-30T17:07:42", "level": "INFO", "logger": "src.core.engine", "msg": "Step 30/49: settle_after_title", "run_id": "20251030T170451Z", "step_index": 30, "action": "wait", "thread": "MainThread", "process": 33392}
{"ts": "2025-10-30T17:07:42", "level": "INFO", "logger": "src.utils.timing", "msg": "wait (static) took 312 ms", "run_id": "20251030T170451Z", "thread": "MainThread", "process": 33392}
{"ts": "2025-10-30T17:07:43", "level": "INFO", "logger": "src.core.engine", "msg": "Step 31/49: 03_database_named", "run_id": "20251030T170451Z", "step_index": 31, "action": "screenshot", "thread": "MainThread", "process": 33392}
{"ts": "2025-10-30T17:07:43", "level": "INFO", "logger": "src.utils.timing", "msg": "screenshot took 302 ms", "run_id": "20251030T170451Z", "thread": "MainThread", "process": 33392}
{"ts": "2025-10-30T17:07:43", "level": "INFO", "logger": "src.core.actions", "msg": "Saved screenshot: C:\\Users\\lokes\\Downloads\\ui-capture-system\\datasets\\www.notion.so\\create_database\\2025-10-30_17-04-51\\03_database_named.png", "run_id": "20251030T170451Z", "action": "screenshot", "thread": "MainThread", "process": 33392}
{"ts": "2025-10-30T17:07:44", "level": "INFO", "logger": "src.core.engine", "msg": "Step 32/49: add_row1_toolbar_new", "run_id": "20251030T170451Z", "step_index": 32, "action": "click", "thread": "MainThread", "process": 33392}
{"ts": "2025-10-30T17:07:45", "level": "INFO", "logger": "src.utils.timing", "msg": "click took 963 ms", "run_id": "20251030T170451Z", "thread": "MainThread", "process": 33392}
{"ts": "2025-10-30T17:07:45", "level": "INFO", "logger": "src.core.engine", "msg": "Step 33/49: add_row1_inline", "run_id": "20251030T170451Z", "step_index": 33, "action": "click", "thread": "MainThread", "process": 33392}
{"ts": "2025-10-30T17:07:53", "level": "INFO", "logger": "src.utils.timing", "msg": "click took 8.022 s", "run_id": "20251030T170451Z", "thread": "MainThread", "process": 33392}
{"ts": "2025-10-30T17:08:02", "level": "INFO", "logger": "src.utils.timing", "msg": "click took 8.017 s", "run_id": "20251030T170451Z", "thread": "MainThread", "process": 33392}
{"ts": "2025-10-30T17:08:12", "level": "INFO", "logger": "src.utils.timing", "msg": "click took 8.021 s", "run_id": "20251030T170451Z", "thread": "MainThread", "process": 33392}
{"ts": "2025-10-30T17:08:12", "level": "WARNING", "logger": "src.core.engine", "msg": "Step failed but optional/continue_on_error set: Locator.click: Timeout 8000ms exceeded.\nCall log:\n  - waiting for locator(\"text=+ New page\")\n", "run_id": "20251030T170451Z", "step_index": 33, "action": "click", "thread": "MainThread", "process": 33392}
{"ts": "2025-10-30T17:08:12", "level": "INFO", "logger": "src.core.engine", "msg": "Step 34/49: wait_side_peek_row1", "run_id": "20251030T170451Z", "step_index": 34, "action": "wait_for_selector", "thread": "MainThread", "process": 33392}
{"ts": "2025-10-30T17:08:12", "level": "INFO", "logger": "src.utils.timing", "msg": "wait_for_selector took 37 ms", "run_id": "20251030T170451Z", "thread": "MainThread", "process": 33392}
{"ts": "2025-10-30T17:08:13", "level": "INFO", "logger": "src.core.engine", "msg": "Step 35/49: type_row1_title", "run_id": "20251030T170451Z", "step_index": 35, "action": "type", "thread": "MainThread", "process": 33392}
{"ts": "2025-10-30T17:08:13", "level": "INFO", "logger": "src.utils.timing", "msg": "type took 144 ms", "run_id": "20251030T170451Z", "thread": "MainThread", "process": 33392}
{"ts": "2025-10-30T17:08:14", "level": "INFO", "logger": "src.core.engine", "msg": "Step 36/49: focus_row1_text", "run_id": "20251030T170451Z", "step_index": 36, "action": "click", "thread": "MainThread", "process": 33392}
{"ts": "2025-10-30T17:08:14", "level": "INFO", "logger": "src.utils.timing", "msg": "click took 217 ms", "run_id": "20251030T170451Z", "thread": "MainThread", "process": 33392}
{"ts": "2025-10-30T17:08:15", "level": "INFO", "logger": "src.core.engine", "msg": "Step 37/49: type_row1_text", "run_id": "20251030T170451Z", "step_index": 37, "action": "type", "thread": "MainThread", "process": 33392}
{"ts": "2025-10-30T17:08:15", "level": "INFO", "logger": "src.utils.timing", "msg": "type took 72 ms", "run_id": "20251030T170451Z", "thread": "MainThread", "process": 33392}
{"ts": "2025-10-30T17:08:15", "level": "INFO", "logger": "src.core.engine", "msg": "Step 38/49: back_from_row1", "run_id": "20251030T170451Z", "step_index": 38, "action": "press", "thread": "MainThread", "process": 33392}
{"ts": "2025-10-30T17:08:15", "level": "INFO", "logger": "src.utils.timing", "msg": "press took 46 ms", "run_id": "20251030T170451Z", "thread": "MainThread", "process": 33392}
{"ts": "2025-10-30T17:08:16", "level": "INFO", "logger": "src.core.engine", "msg": "Step 39/49: 08_row1_added", "run_id": "20251030T170451Z", "step_index": 39, "action": "screenshot", "thread": "MainThread", "process": 33392}
{"ts": "2025-10-30T17:08:16", "level": "INFO", "logger": "src.utils.timing", "msg": "screenshot took 306 ms", "run_id": "20251030T170451Z", "thread": "MainThread", "process": 33392}
{"ts": "2025-10-30T17:08:16", "level": "INFO", "logger": "src.core.actions", "msg": "Saved screenshot: C:\\Users\\lokes\\Downloads\\ui-capture-system\\datasets\\www.notion.so\\create_database\\2025-10-30_17-04-51\\08_row1_added.png", "run_id": "20251030T170451Z", "action": "screenshot", "thread": "MainThread", "process": 33392}
{"ts": "2025-10-30T17:08:17", "level": "INFO", "logger": "src.core.engine", "msg": "Step 40/49: add_row2_toolbar_new", "run_id": "20251030T170451Z", "step_index": 40, "action": "click", "thread": "MainThread", "process": 33392}
{"ts": "2025-10-30T17:08:18", "level": "INFO", "logger": "src.utils.timing", "msg": "click took 522 ms", "run_id": "20251030T170451Z", "thread": "MainThread", "process": 33392}
{"ts": "2025-10-30T17:08:18", "level": "INFO", "logger": "src.core.engine", "msg": "Step 41/49: add_row2_inline", "run_id": "20251030T170451Z", "step_index": 41, "action": "click", "thread": "MainThread", "process": 33392}
{"ts": "2025-10-30T17:08:26", "level": "INFO", "logger": "src.utils.timing", "msg": "click took 8.014 s", "run_id": "20251030T170451Z", "thread": "MainThread", "process": 33392}
{"ts": "2025-10-30T17:08:35", "level": "INFO", "logger": "src.utils.timing", "msg": "click took 8.011 s", "run_id": "20251030T170451Z", "thread": "MainThread", "process": 33392}
{"ts": "2025-10-30T17:08:45", "level": "INFO", "logger": "src.utils.timing", "msg": "click took 8.011 s", "run_id": "20251030T170451Z", "thread": "MainThread", "process": 33392}
{"ts": "2025-10-30T17:08:45", "level": "WARNING", "logger": "src.core.engine", "msg": "Step failed but optional/continue_on_error set: Locator.click: Timeout 8000ms exceeded.\nCall log:\n  - waiting for locator(\"text=+ New page\")\n", "run_id": "20251030T170451Z", "step_index": 41, "action": "click", "thread": "MainThread", "process": 33392}
{"ts": "2025-10-30T17:08:45", "level": "INFO", "logger": "src.core.engine", "msg": "Step 42/49: wait_side_peek_row2", "run_id": "20251030T170451Z", "step_index": 42, "action": "wait_for_selector", "thread": "MainThread", "process": 33392}
{"ts": "2025-10-30T17:08:45", "level": "INFO", "logger": "src.utils.timing", "msg": "wait_for_selector took 20 ms", "run_id": "20251030T170451Z", "thread": "MainThread", "process": 33392}
{"ts": "2025-10-30T17:08:46", "level": "INFO", "logger": "src.core.engine", "msg": "Step 43/49: type_row2_title", "run_id": "20251030T170451Z", "step_index": 43, "action": "type", "thread": "MainThread", "process": 33392}
{"ts": "2025-10-30T17:08:46", "level": "INFO", "logger": "src.utils.timing", "msg": "type took 56 ms", "run_id": "20251030T170451Z", "thread": "MainThread", "process": 33392}
{"ts": "2025-10-30T17:08:46", "level": "INFO", "logger": "src.core.engine", "msg": "Step 44/49: focus_row2_text", "run_id": "20251030T170451Z", "step_index": 44, "action": "click", "thread": "MainThread", "process": 33392}
{"ts": "2025-10-30T17:08:47", "level": "INFO", "logger": "src.utils.timing", "msg": "click took 121 ms", "run_id": "20251030T170451Z", "thread": "MainThread", "process": 33392}
{"ts": "2025-10-30T17:08:47", "level": "INFO", "logger": "src.core.engine", "msg": "Step 45/49: type_row2_text", "run_id": "20251030T170451Z", "step_index": 45, "action": "type", "thread": "MainThread", "process": 33392}
{"ts": "2025-10-30T17:08:47", "level": "INFO", "logger": "src.utils.timing", "msg": "type took 35 ms", "run_id": "20251030T170451Z", "thread": "MainThread", "process": 33392}
{"ts": "2025-10-30T17:08:48", "level": "INFO", "logger": "src.core.engine", "msg": "Step 46/49: back_from_row2", "run_id": "20251030T170451Z", "step_index": 46, "action": "press", "thread": "MainThread", "process": 33392}
{"ts": "2025-10-30T17:08:48", "level": "INFO", "logger": "src.utils.timing", "msg": "press took 16 ms", "run_id": "20251030T170451Z", "thread": "MainThread", "process": 33392}
{"ts": "2025-10-30T17:08:48", "level": "INFO", "logger": "src.core.engine", "msg": "Step 47/49: 09_rows_added", "run_id": "20251030T170451Z", "step_index": 47, "action": "screenshot", "thread": "MainThread", "process": 33392}
{"ts": "2025-10-30T17:08:49", "level": "INFO", "logger": "src.utils.timing", "msg": "screenshot took 292 ms", "run_id": "20251030T170451Z", "thread": "MainThread", "process": 33392}
{"ts": "2025-10-30T17:08:49", "level": "INFO", "logger": "src.core.actions", "msg": "Saved screenshot: C:\\Users\\lokes\\Downloads\\ui-capture-system\\datasets\\www.notion.so\\create_database\\2025-10-30_17-04-51\\09_rows_added.png", "run_id": "20251030T170451Z", "action": "screenshot", "thread": "MainThread", "process": 33392}
{"ts": "2025-10-30T17:08:49", "level": "INFO", "logger": "src.core.engine", "msg": "Step 48/49: assert_new_button_present", "run_id": "20251030T170451Z", "step_index": 48, "action": "assert_visible", "thread": "MainThread", "process": 33392}
{"ts": "2025-10-30T17:08:49", "level": "INFO", "logger": "src.utils.timing", "msg": "assert_visible took 25 ms", "run_id": "20251030T170451Z", "thread": "MainThread", "process": 33392}
{"ts": "2025-10-30T17:08:50", "level": "INFO", "logger": "src.core.engine", "msg": "Step 49/49: assert_url_is_notion", "run_id": "20251030T170451Z", "step_index": 49, "action": "assert_url_contains", "thread": "MainThread", "process": 33392}
{"ts": "2025-10-30T17:08:50", "level": "INFO", "logger": "src.utils.timing", "msg": "assert_url_contains took 0 ms", "run_id": "20251030T170451Z", "thread": "MainThread", "process": 33392}
