{"ts": "2025-10-30T17:16:25", "level": "INFO", "logger": "src.core.engine", "msg": "Starting workflow: github.com/create_repository (steps=47)", "run_id": "20251030T171624Z", "site": "github.com", "task": "create_repository", "thread": "MainThread", "process": 24236}
{"ts": "2025-10-30T17:16:25", "level": "INFO", "logger": "src.core.engine", "msg": "Step 1/47: open_github_home", "run_id": "20251030T171624Z", "step_index": 1, "action": "goto", "thread": "MainThread", "process": 24236}
{"ts": "2025-10-30T17:16:26", "level": "INFO", "logger": "src.utils.timing", "msg": "goto took 885 ms", "run_id": "20251030T171624Z", "thread": "MainThread", "process": 24236}
{"ts": "2025-10-30T17:16:27", "level": "INFO", "logger": "src.core.engine", "msg": "Step 2/47: wait_home_loaded", "run_id": "20251030T171624Z", "step_index": 2, "action": "wait_for_selector", "thread": "MainThread", "process": 24236}
{"ts": "2025-10-30T17:16:28", "level": "INFO", "logger": "src.utils.timing", "msg": "wait_for_selector took 552 ms", "run_id": "20251030T171624Z", "thread": "MainThread", "process": 24236}
{"ts": "2025-10-30T17:16:28", "level": "INFO", "logger": "src.core.engine", "msg": "Step 3/47: 00_github_home", "run_id": "20251030T171624Z", "step_index": 3, "action": "screenshot", "thread": "MainThread", "process": 24236}
{"ts": "2025-10-30T17:16:30", "level": "INFO", "logger": "src.utils.timing", "msg": "screenshot took 1.466 s", "run_id": "20251030T171624Z", "thread": "MainThread", "process": 24236}
{"ts": "2025-10-30T17:16:30", "level": "INFO", "logger": "src.core.actions", "msg": "Saved screenshot: C:\\Users\\lokes\\Downloads\\ui-capture-system\\datasets\\github.com\\create_repository\\2025-10-30_17-16-24\\00_github_home.png", "run_id": "20251030T171624Z", "action": "screenshot", "thread": "MainThread", "process": 24236}
{"ts": "2025-10-30T17:16:30", "level": "INFO", "logger": "src.core.engine", "msg": "Step 4/47: click_new_button_primary", "run_id": "20251030T171624Z", "step_index": 4, "action": "click", "thread": "MainThread", "process": 24236}
{"ts": "2025-10-30T17:16:31", "level": "INFO", "logger": "src.utils.timing", "msg": "click took 526 ms", "run_id": "20251030T171624Z", "thread": "MainThread", "process": 24236}
{"ts": "2025-10-30T17:16:32", "level": "INFO", "logger": "src.utils.timing", "msg": "click took 393 ms", "run_id": "20251030T171624Z", "thread": "MainThread", "process": 24236}
{"ts": "2025-10-30T17:16:35", "level": "INFO", "logger": "src.utils.timing", "msg": "click took 406 ms", "run_id": "20251030T171624Z", "thread": "MainThread", "process": 24236}
{"ts": "2025-10-30T17:16:35", "level": "WARNING", "logger": "src.core.engine", "msg": "Step failed but optional/continue_on_error set: Locator.click: Error: strict mode violation: locator(\"a[href='/new'], a:has-text('New')\") resolved to 4 elements:\n    1) <a href=\"/new\" data-view-component=\"true\" class=\"Button--primary Button--small Button\" data-hydro-click-hmac=\"8aaea1e421962d319923c22d990b92973a7a45fba95bd101ce024f6b1cd1378b\" data-hydro-click=\"{\"event_type\":\"dashboard.click\",\"payload\":{\"event_context\":\"REPOSITORIES\",\"target\":\"NEW_REPOSITORY_BUTTON\",\"dashboard_context\":\"user\",\"dashboard_version\":2,\"user_id\":44944748,\"metadata\":null,\"originating_url\":\"https://github.com/dashboard/my_top_repositories?location=left\"}}\">…</a> aka get_by_role(\"link\", name=\"New\", exact=True)\n    2) <a href=\"/new\" data-view-component=\"true\" class=\"Button--primary Button--small Button\" data-hydro-click-hmac=\"7ad1fb87febd79d17a505e1bd7e2547d5d17dc3970d648f92392b32ebb63c9f0\" data-hydro-click=\"{\"event_type\":\"dashboard.click\",\"payload\":{\"event_context\":\"REPOSITORIES\",\"target\":\"NEW_REPOSITORY_BUTTON\",\"dashboard_context\":\"user\",\"dashboard_version\":2,\"user_id\":44944748,\"metadata\":null,\"originating_url\":\"https://github.com/dashboard/my_top_repositories?location=center&mobile=true\"}}\">…</a> aka get_by_label(\"Top Repositories\", exact=True).locator(\"a\").filter(has_text=\"New\")\n    3) <a class=\"universe-cta-design-2\" data-analytics-event=\"{\"category\":\"site_universe_25_banners_day_2_post_event\",\"action\":\"click\",\"label\":null,\"group\":\"connect\"}\" href=\"/in-product-messaging/dismiss-and-redirect?group=connect&notice=site_universe_25_banners_day_2_post_event&destination_key=site_universe_25_banners_day_2_post_event\">↵        See what’s new↵</a> aka locator(\"#explore-dashboard-responsive\").get_by_text(\"See what’s new\")\n    4) <a class=\"universe-cta-design-2\" data-analytics-event=\"{\"category\":\"site_universe_25_banners_day_2_post_event\",\"action\":\"click\",\"label\":null,\"group\":\"connect\"}\" href=\"/in-product-messaging/dismiss-and-redirect?group=connect&notice=site_universe_25_banners_day_2_post_event&destination_key=site_universe_25_banners_day_2_post_event\">↵        See what’s new↵</a> aka get_by_role(\"link\", name=\"See what’s new\")\n\nCall log:\n  - waiting for locator(\"a[href='/new'], a:has-text('New')\")\n", "run_id": "20251030T171624Z", "step_index": 4, "action": "click", "thread": "MainThread", "process": 24236}
{"ts": "2025-10-30T17:16:35", "level": "INFO", "logger": "src.core.engine", "msg": "Step 5/47: s_new_button_clicked", "run_id": "20251030T171624Z", "step_index": 5, "action": "screenshot", "thread": "MainThread", "process": 24236}
{"ts": "2025-10-30T17:16:36", "level": "INFO", "logger": "src.utils.timing", "msg": "screenshot took 850 ms", "run_id": "20251030T171624Z", "thread": "MainThread", "process": 24236}
{"ts": "2025-10-30T17:16:36", "level": "INFO", "logger": "src.core.actions", "msg": "Saved screenshot: C:\\Users\\lokes\\Downloads\\ui-capture-system\\datasets\\github.com\\create_repository\\2025-10-30_17-16-24\\s_new_button_clicked.png", "run_id": "20251030T171624Z", "action": "screenshot", "thread": "MainThread", "process": 24236}
{"ts": "2025-10-30T17:16:36", "level": "INFO", "logger": "src.core.engine", "msg": "Step 6/47: click_new_button_navbar", "run_id": "20251030T171624Z", "step_index": 6, "action": "click", "thread": "MainThread", "process": 24236}
{"ts": "2025-10-30T17:16:36", "level": "INFO", "logger": "src.utils.timing", "msg": "click took 139 ms", "run_id": "20251030T171624Z", "thread": "MainThread", "process": 24236}
{"ts": "2025-10-30T17:16:37", "level": "INFO", "logger": "src.core.engine", "msg": "Step 7/47: s_new_menu_opened", "run_id": "20251030T171624Z", "step_index": 7, "action": "screenshot", "thread": "MainThread", "process": 24236}
{"ts": "2025-10-30T17:16:38", "level": "INFO", "logger": "src.utils.timing", "msg": "screenshot took 862 ms", "run_id": "20251030T171624Z", "thread": "MainThread", "process": 24236}
{"ts": "2025-10-30T17:16:38", "level": "INFO", "logger": "src.core.actions", "msg": "Saved screenshot: C:\\Users\\lokes\\Downloads\\ui-capture-system\\datasets\\github.com\\create_repository\\2025-10-30_17-16-24\\s_new_menu_opened.png", "run_id": "20251030T171624Z", "action": "screenshot", "thread": "MainThread", "process": 24236}
{"ts": "2025-10-30T17:16:38", "level": "INFO", "logger": "src.core.engine", "msg": "Step 8/47: select_new_repository", "run_id": "20251030T171624Z", "step_index": 8, "action": "click", "thread": "MainThread", "process": 24236}
{"ts": "2025-10-30T17:16:39", "level": "INFO", "logger": "src.utils.timing", "msg": "click took 122 ms", "run_id": "20251030T171624Z", "thread": "MainThread", "process": 24236}
{"ts": "2025-10-30T17:16:39", "level": "INFO", "logger": "src.core.engine", "msg": "Step 9/47: s_new_repo_selected", "run_id": "20251030T171624Z", "step_index": 9, "action": "screenshot", "thread": "MainThread", "process": 24236}
{"ts": "2025-10-30T17:16:40", "level": "INFO", "logger": "src.utils.timing", "msg": "screenshot took 1.199 s", "run_id": "20251030T171624Z", "thread": "MainThread", "process": 24236}
{"ts": "2025-10-30T17:16:40", "level": "INFO", "logger": "src.core.actions", "msg": "Saved screenshot: C:\\Users\\lokes\\Downloads\\ui-capture-system\\datasets\\github.com\\create_repository\\2025-10-30_17-16-24\\s_new_repo_selected.png", "run_id": "20251030T171624Z", "action": "screenshot", "thread": "MainThread", "process": 24236}
{"ts": "2025-10-30T17:16:41", "level": "INFO", "logger": "src.core.engine", "msg": "Step 10/47: wait_create_repo_page", "run_id": "20251030T171624Z", "step_index": 10, "action": "wait_for_selector", "thread": "MainThread", "process": 24236}
{"ts": "2025-10-30T17:16:41", "level": "INFO", "logger": "src.utils.timing", "msg": "wait_for_selector took 73 ms", "run_id": "20251030T171624Z", "thread": "MainThread", "process": 24236}
{"ts": "2025-10-30T17:16:42", "level": "INFO", "logger": "src.core.engine", "msg": "Step 11/47: 01_create_repo_page", "run_id": "20251030T171624Z", "step_index": 11, "action": "screenshot", "thread": "MainThread", "process": 24236}
{"ts": "2025-10-30T17:16:42", "level": "INFO", "logger": "src.utils.timing", "msg": "screenshot took 406 ms", "run_id": "20251030T171624Z", "thread": "MainThread", "process": 24236}
{"ts": "2025-10-30T17:16:42", "level": "INFO", "logger": "src.core.actions", "msg": "Saved screenshot: C:\\Users\\lokes\\Downloads\\ui-capture-system\\datasets\\github.com\\create_repository\\2025-10-30_17-16-24\\01_create_repo_page.png", "run_id": "20251030T171624Z", "action": "screenshot", "thread": "MainThread", "process": 24236}
{"ts": "2025-10-30T17:16:43", "level": "INFO", "logger": "src.core.engine", "msg": "Step 12/47: focus_repo_name", "run_id": "20251030T171624Z", "step_index": 12, "action": "click", "thread": "MainThread", "process": 24236}
{"ts": "2025-10-30T17:16:43", "level": "INFO", "logger": "src.utils.timing", "msg": "click took 68 ms", "run_id": "20251030T171624Z", "thread": "MainThread", "process": 24236}
{"ts": "2025-10-30T17:16:43", "level": "INFO", "logger": "src.core.engine", "msg": "Step 13/47: fill_repo_name", "run_id": "20251030T171624Z", "step_index": 13, "action": "fill", "thread": "MainThread", "process": 24236}
{"ts": "2025-10-30T17:16:43", "level": "INFO", "logger": "src.utils.timing", "msg": "fill took 38 ms", "run_id": "20251030T171624Z", "thread": "MainThread", "process": 24236}
{"ts": "2025-10-30T17:16:44", "level": "INFO", "logger": "src.core.engine", "msg": "Step 14/47: wait_after_repo_name", "run_id": "20251030T171624Z", "step_index": 14, "action": "wait", "thread": "MainThread", "process": 24236}
{"ts": "2025-10-30T17:16:45", "level": "INFO", "logger": "src.utils.timing", "msg": "wait (static) took 810 ms", "run_id": "20251030T171624Z", "thread": "MainThread", "process": 24236}
{"ts": "2025-10-30T17:16:45", "level": "INFO", "logger": "src.core.engine", "msg": "Step 15/47: 02_repo_name_filled", "run_id": "20251030T171624Z", "step_index": 15, "action": "screenshot", "thread": "MainThread", "process": 24236}
{"ts": "2025-10-30T17:16:46", "level": "INFO", "logger": "src.utils.timing", "msg": "screenshot took 395 ms", "run_id": "20251030T171624Z", "thread": "MainThread", "process": 24236}
{"ts": "2025-10-30T17:16:46", "level": "INFO", "logger": "src.core.actions", "msg": "Saved screenshot: C:\\Users\\lokes\\Downloads\\ui-capture-system\\datasets\\github.com\\create_repository\\2025-10-30_17-16-24\\02_repo_name_filled.png", "run_id": "20251030T171624Z", "action": "screenshot", "thread": "MainThread", "process": 24236}
{"ts": "2025-10-30T17:16:46", "level": "INFO", "logger": "src.core.engine", "msg": "Step 16/47: fill_description", "run_id": "20251030T171624Z", "step_index": 16, "action": "fill", "thread": "MainThread", "process": 24236}
{"ts": "2025-10-30T17:16:47", "level": "INFO", "logger": "src.utils.timing", "msg": "fill took 41 ms", "run_id": "20251030T171624Z", "thread": "MainThread", "process": 24236}
{"ts": "2025-10-30T17:16:47", "level": "INFO", "logger": "src.core.engine", "msg": "Step 17/47: wait_after_description", "run_id": "20251030T171624Z", "step_index": 17, "action": "wait", "thread": "MainThread", "process": 24236}
{"ts": "2025-10-30T17:16:48", "level": "INFO", "logger": "src.utils.timing", "msg": "wait (static) took 513 ms", "run_id": "20251030T171624Z", "thread": "MainThread", "process": 24236}
{"ts": "2025-10-30T17:16:48", "level": "INFO", "logger": "src.core.engine", "msg": "Step 18/47: 03_description_filled", "run_id": "20251030T171624Z", "step_index": 18, "action": "screenshot", "thread": "MainThread", "process": 24236}
{"ts": "2025-10-30T17:16:49", "level": "INFO", "logger": "src.utils.timing", "msg": "screenshot took 372 ms", "run_id": "20251030T171624Z", "thread": "MainThread", "process": 24236}
{"ts": "2025-10-30T17:16:49", "level": "INFO", "logger": "src.core.actions", "msg": "Saved screenshot: C:\\Users\\lokes\\Downloads\\ui-capture-system\\datasets\\github.com\\create_repository\\2025-10-30_17-16-24\\03_description_filled.png", "run_id": "20251030T171624Z", "action": "screenshot", "thread": "MainThread", "process": 24236}
{"ts": "2025-10-30T17:16:49", "level": "INFO", "logger": "src.core.engine", "msg": "Step 19/47: select_public_visibility", "run_id": "20251030T171624Z", "step_index": 19, "action": "click", "thread": "MainThread", "process": 24236}
{"ts": "2025-10-30T17:16:54", "level": "INFO", "logger": "src.utils.timing", "msg": "click took 5.012 s", "run_id": "20251030T171624Z", "thread": "MainThread", "process": 24236}
{"ts": "2025-10-30T17:17:00", "level": "INFO", "logger": "src.utils.timing", "msg": "click took 5.015 s", "run_id": "20251030T171624Z", "thread": "MainThread", "process": 24236}
{"ts": "2025-10-30T17:17:07", "level": "INFO", "logger": "src.utils.timing", "msg": "click took 5.019 s", "run_id": "20251030T171624Z", "thread": "MainThread", "process": 24236}
{"ts": "2025-10-30T17:17:07", "level": "WARNING", "logger": "src.core.engine", "msg": "Step failed but optional/continue_on_error set: Locator.click: Timeout 5000ms exceeded.\nCall log:\n  - waiting for locator(\"input[value='public'], input#repository_visibility_public\")\n", "run_id": "20251030T171624Z", "step_index": 19, "action": "click", "thread": "MainThread", "process": 24236}
{"ts": "2025-10-30T17:17:07", "level": "INFO", "logger": "src.core.engine", "msg": "Step 20/47: wait_after_public", "run_id": "20251030T171624Z", "step_index": 20, "action": "wait", "thread": "MainThread", "process": 24236}
{"ts": "2025-10-30T17:17:08", "level": "INFO", "logger": "src.utils.timing", "msg": "wait (static) took 506 ms", "run_id": "20251030T171624Z", "thread": "MainThread", "process": 24236}
{"ts": "2025-10-30T17:17:08", "level": "INFO", "logger": "src.core.engine", "msg": "Step 21/47: 04_public_selected", "run_id": "20251030T171624Z", "step_index": 21, "action": "screenshot", "thread": "MainThread", "process": 24236}
{"ts": "2025-10-30T17:17:09", "level": "INFO", "logger": "src.utils.timing", "msg": "screenshot took 424 ms", "run_id": "20251030T171624Z", "thread": "MainThread", "process": 24236}
{"ts": "2025-10-30T17:17:09", "level": "INFO", "logger": "src.core.actions", "msg": "Saved screenshot: C:\\Users\\lokes\\Downloads\\ui-capture-system\\datasets\\github.com\\create_repository\\2025-10-30_17-16-24\\04_public_selected.png", "run_id": "20251030T171624Z", "action": "screenshot", "thread": "MainThread", "process": 24236}
{"ts": "2025-10-30T17:17:09", "level": "INFO", "logger": "src.core.engine", "msg": "Step 22/47: select_private_visibility", "run_id": "20251030T171624Z", "step_index": 22, "action": "click", "thread": "MainThread", "process": 24236}
{"ts": "2025-10-30T17:17:15", "level": "INFO", "logger": "src.utils.timing", "msg": "click took 5.019 s", "run_id": "20251030T171624Z", "thread": "MainThread", "process": 24236}
{"ts": "2025-10-30T17:17:21", "level": "INFO", "logger": "src.utils.timing", "msg": "click took 5.007 s", "run_id": "20251030T171624Z", "thread": "MainThread", "process": 24236}
{"ts": "2025-10-30T17:17:28", "level": "INFO", "logger": "src.utils.timing", "msg": "click took 5.019 s", "run_id": "20251030T171624Z", "thread": "MainThread", "process": 24236}
{"ts": "2025-10-30T17:17:28", "level": "WARNING", "logger": "src.core.engine", "msg": "Step failed but optional/continue_on_error set: Locator.click: Timeout 5000ms exceeded.\nCall log:\n  - waiting for locator(\"input[value='private'], input#repository_visibility_private\")\n", "run_id": "20251030T171624Z", "step_index": 22, "action": "click", "thread": "MainThread", "process": 24236}
{"ts": "2025-10-30T17:17:28", "level": "INFO", "logger": "src.core.engine", "msg": "Step 23/47: 04a_private_selected", "run_id": "20251030T171624Z", "step_index": 23, "action": "screenshot", "thread": "MainThread", "process": 24236}
{"ts": "2025-10-30T17:17:28", "level": "INFO", "logger": "src.utils.timing", "msg": "screenshot took 405 ms", "run_id": "20251030T171624Z", "thread": "MainThread", "process": 24236}
{"ts": "2025-10-30T17:17:28", "level": "INFO", "logger": "src.core.actions", "msg": "Saved screenshot: C:\\Users\\lokes\\Downloads\\ui-capture-system\\datasets\\github.com\\create_repository\\2025-10-30_17-16-24\\04a_private_selected.png", "run_id": "20251030T171624Z", "action": "screenshot", "thread": "MainThread", "process": 24236}
{"ts": "2025-10-30T17:17:29", "level": "INFO", "logger": "src.core.engine", "msg": "Step 24/47: check_add_readme", "run_id": "20251030T171624Z", "step_index": 24, "action": "click", "thread": "MainThread", "process": 24236}
{"ts": "2025-10-30T17:17:29", "level": "INFO", "logger": "src.utils.timing", "msg": "click took 91 ms", "run_id": "20251030T171624Z", "thread": "MainThread", "process": 24236}
{"ts": "2025-10-30T17:17:29", "level": "INFO", "logger": "src.core.engine", "msg": "Step 25/47: wait_after_readme", "run_id": "20251030T171624Z", "step_index": 25, "action": "wait", "thread": "MainThread", "process": 24236}
{"ts": "2025-10-30T17:17:30", "level": "INFO", "logger": "src.utils.timing", "msg": "wait (static) took 510 ms", "run_id": "20251030T171624Z", "thread": "MainThread", "process": 24236}
{"ts": "2025-10-30T17:17:30", "level": "INFO", "logger": "src.core.engine", "msg": "Step 26/47: 05_readme_checked", "run_id": "20251030T171624Z", "step_index": 26, "action": "screenshot", "thread": "MainThread", "process": 24236}
{"ts": "2025-10-30T17:17:31", "level": "INFO", "logger": "src.utils.timing", "msg": "screenshot took 390 ms", "run_id": "20251030T171624Z", "thread": "MainThread", "process": 24236}
{"ts": "2025-10-30T17:17:31", "level": "INFO", "logger": "src.core.actions", "msg": "Saved screenshot: C:\\Users\\lokes\\Downloads\\ui-capture-system\\datasets\\github.com\\create_repository\\2025-10-30_17-16-24\\05_readme_checked.png", "run_id": "20251030T171624Z", "action": "screenshot", "thread": "MainThread", "process": 24236}
{"ts": "2025-10-30T17:17:31", "level": "INFO", "logger": "src.core.engine", "msg": "Step 27/47: open_gitignore_dropdown", "run_id": "20251030T171624Z", "step_index": 27, "action": "click", "thread": "MainThread", "process": 24236}
{"ts": "2025-10-30T17:17:32", "level": "INFO", "logger": "src.utils.timing", "msg": "click took 1.002 s", "run_id": "20251030T171624Z", "thread": "MainThread", "process": 24236}
{"ts": "2025-10-30T17:17:33", "level": "INFO", "logger": "src.core.engine", "msg": "Step 28/47: wait_gitignore_menu", "run_id": "20251030T171624Z", "step_index": 28, "action": "wait", "thread": "MainThread", "process": 24236}
{"ts": "2025-10-30T17:17:34", "level": "INFO", "logger": "src.utils.timing", "msg": "wait (static) took 817 ms", "run_id": "20251030T171624Z", "thread": "MainThread", "process": 24236}
{"ts": "2025-10-30T17:17:34", "level": "INFO", "logger": "src.core.engine", "msg": "Step 29/47: 06_gitignore_dropdown", "run_id": "20251030T171624Z", "step_index": 29, "action": "screenshot", "thread": "MainThread", "process": 24236}
{"ts": "2025-10-30T17:17:36", "level": "INFO", "logger": "src.utils.timing", "msg": "screenshot took 1.143 s", "run_id": "20251030T171624Z", "thread": "MainThread", "process": 24236}
{"ts": "2025-10-30T17:17:36", "level": "INFO", "logger": "src.core.actions", "msg": "Saved screenshot: C:\\Users\\lokes\\Downloads\\ui-capture-system\\datasets\\github.com\\create_repository\\2025-10-30_17-16-24\\06_gitignore_dropdown.png", "run_id": "20251030T171624Z", "action": "screenshot", "thread": "MainThread", "process": 24236}
{"ts": "2025-10-30T17:17:36", "level": "INFO", "logger": "src.core.engine", "msg": "Step 30/47: search_gitignore", "run_id": "20251030T171624Z", "step_index": 30, "action": "fill", "thread": "MainThread", "process": 24236}
{"ts": "2025-10-30T17:17:41", "level": "INFO", "logger": "src.utils.timing", "msg": "fill took 5.008 s", "run_id": "20251030T171624Z", "thread": "MainThread", "process": 24236}
{"ts": "2025-10-30T17:17:47", "level": "INFO", "logger": "src.utils.timing", "msg": "fill took 5.018 s", "run_id": "20251030T171624Z", "thread": "MainThread", "process": 24236}
{"ts": "2025-10-30T17:17:54", "level": "INFO", "logger": "src.utils.timing", "msg": "fill took 5.015 s", "run_id": "20251030T171624Z", "thread": "MainThread", "process": 24236}
{"ts": "2025-10-30T17:17:54", "level": "WARNING", "logger": "src.core.engine", "msg": "Step failed but optional/continue_on_error set: Locator.fill: Timeout 5000ms exceeded.\nCall log:\n  - waiting for locator(\"input[placeholder*='gitignore']\")\n", "run_id": "20251030T171624Z", "step_index": 30, "action": "fill", "thread": "MainThread", "process": 24236}
{"ts": "2025-10-30T17:17:54", "level": "INFO", "logger": "src.core.engine", "msg": "Step 31/47: wait_search_results", "run_id": "20251030T171624Z", "step_index": 31, "action": "wait", "thread": "MainThread", "process": 24236}
{"ts": "2025-10-30T17:17:55", "level": "INFO", "logger": "src.utils.timing", "msg": "wait (static) took 507 ms", "run_id": "20251030T171624Z", "thread": "MainThread", "process": 24236}
{"ts": "2025-10-30T17:17:55", "level": "INFO", "logger": "src.core.engine", "msg": "Step 32/47: select_python_gitignore", "run_id": "20251030T171624Z", "step_index": 32, "action": "click", "thread": "MainThread", "process": 24236}
{"ts": "2025-10-30T17:18:00", "level": "INFO", "logger": "src.utils.timing", "msg": "click took 5.008 s", "run_id": "20251030T171624Z", "thread": "MainThread", "process": 24236}
{"ts": "2025-10-30T17:18:06", "level": "INFO", "logger": "src.utils.timing", "msg": "click took 5.016 s", "run_id": "20251030T171624Z", "thread": "MainThread", "process": 24236}
{"ts": "2025-10-30T17:18:13", "level": "INFO", "logger": "src.utils.timing", "msg": "click took 5.006 s", "run_id": "20251030T171624Z", "thread": "MainThread", "process": 24236}
{"ts": "2025-10-30T17:18:13", "level": "WARNING", "logger": "src.core.engine", "msg": "Step failed but optional/continue_on_error set: Locator.click: Timeout 5000ms exceeded.\nCall log:\n  - waiting for locator(\"div[data-filterable-for*='gitignore']:has-text('Python')\")\n", "run_id": "20251030T171624Z", "step_index": 32, "action": "click", "thread": "MainThread", "process": 24236}
{"ts": "2025-10-30T17:18:13", "level": "INFO", "logger": "src.core.engine", "msg": "Step 33/47: 07_gitignore_selected", "run_id": "20251030T171624Z", "step_index": 33, "action": "screenshot", "thread": "MainThread", "process": 24236}
{"ts": "2025-10-30T17:18:14", "level": "INFO", "logger": "src.utils.timing", "msg": "screenshot took 1.125 s", "run_id": "20251030T171624Z", "thread": "MainThread", "process": 24236}
{"ts": "2025-10-30T17:18:14", "level": "INFO", "logger": "src.core.actions", "msg": "Saved screenshot: C:\\Users\\lokes\\Downloads\\ui-capture-system\\datasets\\github.com\\create_repository\\2025-10-30_17-16-24\\07_gitignore_selected.png", "run_id": "20251030T171624Z", "action": "screenshot", "thread": "MainThread", "process": 24236}
{"ts": "2025-10-30T17:18:15", "level": "INFO", "logger": "src.core.engine", "msg": "Step 34/47: open_license_dropdown", "run_id": "20251030T171624Z", "step_index": 34, "action": "click", "thread": "MainThread", "process": 24236}
{"ts": "2025-10-30T17:18:20", "level": "INFO", "logger": "src.utils.timing", "msg": "click took 5.017 s", "run_id": "20251030T171624Z", "thread": "MainThread", "process": 24236}
{"ts": "2025-10-30T17:18:26", "level": "INFO", "logger": "src.utils.timing", "msg": "click took 5.007 s", "run_id": "20251030T171624Z", "thread": "MainThread", "process": 24236}
{"ts": "2025-10-30T17:18:33", "level": "INFO", "logger": "src.utils.timing", "msg": "click took 5.012 s", "run_id": "20251030T171624Z", "thread": "MainThread", "process": 24236}
{"ts": "2025-10-30T17:18:33", "level": "WARNING", "logger": "src.core.engine", "msg": "Step failed but optional/continue_on_error set: Locator.click: Timeout 5000ms exceeded.\nCall log:\n  - waiting for locator(\"summary:has-text('license'), button:has-text('license')\")\n    - locator resolved to <button id=\":ro:\" tabindex=\"0\" type=\"button\" data-size=\"medium\" aria-haspopup=\"true\" data-loading=\"false\" aria-expanded=\"false\" data-variant=\"default\" class=\"prc-Button-ButtonBase-c50BI\" aria-describedby=\":ro:-loading-announcement add-license\">…</button>\n  - attempting click action\n    2 × waiting for element to be visible, enabled and stable\n      - element is visible, enabled and stable\n      - scrolling into view if needed\n      - done scrolling\n      - <input value=\"\" type=\"text\" role=\"combobox\" color=\"fg.default\" aria-expanded=\"true\" aria-controls=\":r1a:\" data-component=\"input\" aria-autocomplete=\"list\" data-focus-visible-added=\"\" aria-activedescendant=\":r1i:\" placeholder=\"Search templates\" aria-describedby=\"add-gitignore :r1c:\" aria-label=\".gitignore template filter\" class=\"prc-components-Input-Ic-y8 focus-visible\"/> from <div role=\"region\" data-turbo-permanent=\"\" id=\"__primerPortalRoot__\">…</div> subtree intercepts pointer events\n    - retrying click action\n    - waiting 20ms\n    2 × waiting for element to be visible, enabled and stable\n      - element is visible, enabled and stable\n      - scrolling into view if needed\n      - done scrolling\n      - <input value=\"\" type=\"text\" role=\"combobox\" color=\"fg.default\" aria-expanded=\"true\" aria-controls=\":r1a:\" data-component=\"input\" aria-autocomplete=\"list\" data-focus-visible-added=\"\" aria-activedescendant=\":r1i:\" placeholder=\"Search templates\" aria-describedby=\"add-gitignore :r1c:\" aria-label=\".gitignore template filter\" class=\"prc-components-Input-Ic-y8 focus-visible\"/> from <div role=\"region\" data-turbo-permanent=\"\" id=\"__primerPortalRoot__\">…</div> subtree intercepts pointer events\n    - retrying click action\n      - waiting 100ms\n    8 × waiting for element to be visible, enabled and stable\n      - element is visible, enabled and stable\n      - scrolling into view if needed\n      - done scrolling\n      - <input value=\"\" type=\"text\" role=\"combobox\" color=\"fg.default\" aria-expanded=\"true\" aria-controls=\":r1a:\" data-component=\"input\" aria-autocomplete=\"list\" data-focus-visible-added=\"\" aria-activedescendant=\":r1i:\" placeholder=\"Search templates\" aria-describedby=\"add-gitignore :r1c:\" aria-label=\".gitignore template filter\" class=\"prc-components-Input-Ic-y8 focus-visible\"/> from <div role=\"region\" data-turbo-permanent=\"\" id=\"__primerPortalRoot__\">…</div> subtree intercepts pointer events\n    - retrying click action\n      - waiting 500ms\n", "run_id": "20251030T171624Z", "step_index": 34, "action": "click", "thread": "MainThread", "process": 24236}
{"ts": "2025-10-30T17:18:33", "level": "INFO", "logger": "src.core.engine", "msg": "Step 35/47: wait_license_menu", "run_id": "20251030T171624Z", "step_index": 35, "action": "wait", "thread": "MainThread", "process": 24236}
{"ts": "2025-10-30T17:18:34", "level": "INFO", "logger": "src.utils.timing", "msg": "wait (static) took 826 ms", "run_id": "20251030T171624Z", "thread": "MainThread", "process": 24236}
{"ts": "2025-10-30T17:18:35", "level": "INFO", "logger": "src.core.engine", "msg": "Step 36/47: 08_license_dropdown", "run_id": "20251030T171624Z", "step_index": 36, "action": "screenshot", "thread": "MainThread", "process": 24236}
{"ts": "2025-10-30T17:18:35", "level": "INFO", "logger": "src.utils.timing", "msg": "screenshot took 772 ms", "run_id": "20251030T171624Z", "thread": "MainThread", "process": 24236}
{"ts": "2025-10-30T17:18:35", "level": "INFO", "logger": "src.core.actions", "msg": "Saved screenshot: C:\\Users\\lokes\\Downloads\\ui-capture-system\\datasets\\github.com\\create_repository\\2025-10-30_17-16-24\\08_license_dropdown.png", "run_id": "20251030T171624Z", "action": "screenshot", "thread": "MainThread", "process": 24236}
{"ts": "2025-10-30T17:18:36", "level": "INFO", "logger": "src.core.engine", "msg": "Step 37/47: select_mit_license", "run_id": "20251030T171624Z", "step_index": 37, "action": "click", "thread": "MainThread", "process": 24236}
{"ts": "2025-10-30T17:18:41", "level": "INFO", "logger": "src.utils.timing", "msg": "click took 5.013 s", "run_id": "20251030T171624Z", "thread": "MainThread", "process": 24236}
{"ts": "2025-10-30T17:18:47", "level": "INFO", "logger": "src.utils.timing", "msg": "click took 5.021 s", "run_id": "20251030T171624Z", "thread": "MainThread", "process": 24236}
{"ts": "2025-10-30T17:18:54", "level": "INFO", "logger": "src.utils.timing", "msg": "click took 5.009 s", "run_id": "20251030T171624Z", "thread": "MainThread", "process": 24236}
{"ts": "2025-10-30T17:18:54", "level": "WARNING", "logger": "src.core.engine", "msg": "Step failed but optional/continue_on_error set: Locator.click: Timeout 5000ms exceeded.\nCall log:\n  - waiting for locator(\"div:has-text('MIT License')\")\n", "run_id": "20251030T171624Z", "step_index": 37, "action": "click", "thread": "MainThread", "process": 24236}
{"ts": "2025-10-30T17:18:54", "level": "INFO", "logger": "src.core.engine", "msg": "Step 38/47: 09_license_selected", "run_id": "20251030T171624Z", "step_index": 38, "action": "screenshot", "thread": "MainThread", "process": 24236}
{"ts": "2025-10-30T17:18:54", "level": "INFO", "logger": "src.utils.timing", "msg": "screenshot took 720 ms", "run_id": "20251030T171624Z", "thread": "MainThread", "process": 24236}
{"ts": "2025-10-30T17:18:54", "level": "INFO", "logger": "src.core.actions", "msg": "Saved screenshot: C:\\Users\\lokes\\Downloads\\ui-capture-system\\datasets\\github.com\\create_repository\\2025-10-30_17-16-24\\09_license_selected.png", "run_id": "20251030T171624Z", "action": "screenshot", "thread": "MainThread", "process": 24236}
{"ts": "2025-10-30T17:18:55", "level": "INFO", "logger": "src.core.engine", "msg": "Step 39/47: 10_ready_to_create", "run_id": "20251030T171624Z", "step_index": 39, "action": "screenshot", "thread": "MainThread", "process": 24236}
{"ts": "2025-10-30T17:18:56", "level": "INFO", "logger": "src.utils.timing", "msg": "screenshot took 691 ms", "run_id": "20251030T171624Z", "thread": "MainThread", "process": 24236}
{"ts": "2025-10-30T17:18:56", "level": "INFO", "logger": "src.core.actions", "msg": "Saved screenshot: C:\\Users\\lokes\\Downloads\\ui-capture-system\\datasets\\github.com\\create_repository\\2025-10-30_17-16-24\\10_ready_to_create.png", "run_id": "20251030T171624Z", "action": "screenshot", "thread": "MainThread", "process": 24236}
{"ts": "2025-10-30T17:18:56", "level": "INFO", "logger": "src.core.engine", "msg": "Step 40/47: submit_via_enter", "run_id": "20251030T171624Z", "step_index": 40, "action": "press", "thread": "MainThread", "process": 24236}
{"ts": "2025-10-30T17:18:56", "level": "INFO", "logger": "src.utils.timing", "msg": "press took 49 ms", "run_id": "20251030T171624Z", "thread": "MainThread", "process": 24236}
{"ts": "2025-10-30T17:18:57", "level": "INFO", "logger": "src.core.engine", "msg": "Step 41/47: create_repository", "run_id": "20251030T171624Z", "step_index": 41, "action": "click", "thread": "MainThread", "process": 24236}
{"ts": "2025-10-30T17:18:57", "level": "INFO", "logger": "src.utils.timing", "msg": "click took 82 ms", "run_id": "20251030T171624Z", "thread": "MainThread", "process": 24236}
{"ts": "2025-10-30T17:18:58", "level": "INFO", "logger": "src.core.engine", "msg": "Step 42/47: wait_repo_created", "run_id": "20251030T171624Z", "step_index": 42, "action": "wait_for_network_idle", "thread": "MainThread", "process": 24236}
{"ts": "2025-10-30T17:19:28", "level": "INFO", "logger": "src.utils.timing", "msg": "wait_for_network_idle took 30.020 s", "run_id": "20251030T171624Z", "thread": "MainThread", "process": 24236}
{"ts": "2025-10-30T17:19:59", "level": "INFO", "logger": "src.utils.timing", "msg": "wait_for_network_idle took 30.011 s", "run_id": "20251030T171624Z", "thread": "MainThread", "process": 24236}
{"ts": "2025-10-30T17:20:31", "level": "INFO", "logger": "src.utils.timing", "msg": "wait_for_network_idle took 30.019 s", "run_id": "20251030T171624Z", "thread": "MainThread", "process": 24236}
{"ts": "2025-10-30T17:20:31", "level": "ERROR", "logger": "src.core.engine", "msg": "Workflow failed:", "exc_info": "Traceback (most recent call last):\n  File \"C:\\Users\\lokes\\Downloads\\ui-capture-system\\src\\core\\engine.py\", line 163, in run_workflow\n    actions.execute_step(page, step, run_ctx={\n    ~~~~~~~~~~~~~~~~~~~~^^^^^^^^^^^^^^^^^^^^^^\n        \"images_dir\": ctx.images_dir,\n        ^^^^^^^^^^^^^^^^^^^^^^^^^^^^^\n        \"meta_path\": ctx.meta_path,\n        ^^^^^^^^^^^^^^^^^^^^^^^^^^^\n        \"settings\": s,\n        ^^^^^^^^^^^^^^\n    })\n    ^^\n  File \"C:\\Users\\lokes\\Downloads\\ui-capture-system\\src\\core\\actions.py\", line 290, in execute_step\n    return run(lambda: _do_wait_for_network_idle(page, step, settings))\n  File \"C:\\Users\\lokes\\Downloads\\ui-capture-system\\src\\core\\actions.py\", line 268, in run\n    return _with_retry(op, tries=tries, initial_delay_ms=initial_delay, max_delay_ms=max_delay)\n  File \"C:\\Users\\lokes\\Downloads\\ui-capture-system\\src\\core\\actions.py\", line 74, in _with_retry\n    return retry(\n        op,\n    ...<3 lines>...\n        exceptions=(PWTimeoutError, Exception),\n    )\n  File \"C:\\Users\\lokes\\Downloads\\ui-capture-system\\src\\utils\\timing.py\", line 145, in retry\n    raise exc\n  File \"C:\\Users\\lokes\\Downloads\\ui-capture-system\\src\\utils\\timing.py\", line 143, in retry\n    return fn(*args, **kwargs)\n  File \"C:\\Users\\lokes\\Downloads\\ui-capture-system\\src\\core\\actions.py\", line 290, in <lambda>\n    return run(lambda: _do_wait_for_network_idle(page, step, settings))\n                       ~~~~~~~~~~~~~~~~~~~~~~~~~^^^^^^^^^^^^^^^^^^^^^^\n  File \"C:\\Users\\lokes\\Downloads\\ui-capture-system\\src\\utils\\timing.py\", line 290, in wrapper\n    return func(*args, **kwargs)\n  File \"C:\\Users\\lokes\\Downloads\\ui-capture-system\\src\\core\\actions.py\", line 160, in _do_wait_for_network_idle\n    page.wait_for_load_state(\"networkidle\", timeout=max(settings.PAGE_LOAD_TIMEOUT, step.idle_ms + 1000))\n    ~~~~~~~~~~~~~~~~~~~~~~~~^^^^^^^^^^^^^^^^^^^^^^^^^^^^^^^^^^^^^^^^^^^^^^^^^^^^^^^^^^^^^^^^^^^^^^^^^^^^^\n  File \"C:\\Users\\lokes\\AppData\\Roaming\\Python\\Python313\\site-packages\\playwright\\sync_api\\_generated.py\", line 9117, in wait_for_load_state\n    self._sync(self._impl_obj.wait_for_load_state(state=state, timeout=timeout))\n    ~~~~~~~~~~^^^^^^^^^^^^^^^^^^^^^^^^^^^^^^^^^^^^^^^^^^^^^^^^^^^^^^^^^^^^^^^^^^\n  File \"C:\\Users\\lokes\\AppData\\Roaming\\Python\\Python313\\site-packages\\playwright\\_impl\\_sync_base.py\", line 115, in _sync\n    return task.result()\n           ~~~~~~~~~~~^^\n  File \"C:\\Users\\lokes\\AppData\\Roaming\\Python\\Python313\\site-packages\\playwright\\_impl\\_page.py\", line 576, in wait_for_load_state\n    return await self._main_frame.wait_for_load_state(**locals_to_params(locals()))\n           ^^^^^^^^^^^^^^^^^^^^^^^^^^^^^^^^^^^^^^^^^^^^^^^^^^^^^^^^^^^^^^^^^^^^^^^^\n  File \"C:\\Users\\lokes\\AppData\\Roaming\\Python\\Python313\\site-packages\\playwright\\_impl\\_frame.py\", line 273, in wait_for_load_state\n    return await self._wait_for_load_state_impl(state, timeout)\n           ^^^^^^^^^^^^^^^^^^^^^^^^^^^^^^^^^^^^^^^^^^^^^^^^^^^^\n  File \"C:\\Users\\lokes\\AppData\\Roaming\\Python\\Python313\\site-packages\\playwright\\_impl\\_frame.py\", line 301, in _wait_for_load_state_impl\n    await waiter.result()\nplaywright._impl._errors.TimeoutError: Timeout 30000ms exceeded.", "run_id": "20251030T171624Z", "thread": "MainThread", "process": 24236}
