{"ts": "2025-10-30T18:27:05", "level": "INFO", "logger": "src.core.engine", "msg": "Starting workflow: linear.app/create_issue (steps=18)", "run_id": "20251030T182703Z", "site": "linear.app", "task": "create_issue", "thread": "MainThread", "process": 43696}
{"ts": "2025-10-30T18:27:05", "level": "INFO", "logger": "src.core.engine", "msg": "Step 1/18: open_my_issues", "run_id": "20251030T182703Z", "step_index": 1, "action": "goto", "thread": "MainThread", "process": 43696}
{"ts": "2025-10-30T18:27:05", "level": "INFO", "logger": "src.utils.timing", "msg": "goto took 717 ms", "run_id": "20251030T182703Z", "thread": "MainThread", "process": 43696}
{"ts": "2025-10-30T18:27:06", "level": "INFO", "logger": "src.core.engine", "msg": "Step 2/18: initial_idle", "run_id": "20251030T182703Z", "step_index": 2, "action": "wait_for_network_idle", "thread": "MainThread", "process": 43696}
{"ts": "2025-10-30T18:27:14", "level": "INFO", "logger": "src.utils.timing", "msg": "wait_for_network_idle took 8.214 s", "run_id": "20251030T182703Z", "thread": "MainThread", "process": 43696}
{"ts": "2025-10-30T18:27:15", "level": "INFO", "logger": "src.core.engine", "msg": "Step 3/18: 00_my_issues", "run_id": "20251030T182703Z", "step_index": 3, "action": "screenshot", "thread": "MainThread", "process": 43696}
{"ts": "2025-10-30T18:27:16", "level": "INFO", "logger": "src.utils.timing", "msg": "page_screenshot took 693 ms", "run_id": "20251030T182703Z", "thread": "MainThread", "process": 43696}
{"ts": "2025-10-30T18:27:16", "level": "INFO", "logger": "src.utils.timing", "msg": "screenshot took 700 ms", "run_id": "20251030T182703Z", "thread": "MainThread", "process": 43696}
{"ts": "2025-10-30T18:27:16", "level": "INFO", "logger": "src.core.actions", "msg": "Saved screenshot: C:\\Users\\lokes\\Downloads\\ui-capture-system\\datasets\\linear.app\\create_issue\\2025-10-30_18-27-03\\00_my_issues.png", "run_id": "20251030T182703Z", "action": "screenshot", "thread": "MainThread", "process": 43696}
{"ts": "2025-10-30T18:27:16", "level": "INFO", "logger": "src.core.engine", "msg": "Step 4/18: press_c", "run_id": "20251030T182703Z", "step_index": 4, "action": "press", "thread": "MainThread", "process": 43696}
{"ts": "2025-10-30T18:27:16", "level": "INFO", "logger": "src.utils.timing", "msg": "press took 229 ms", "run_id": "20251030T182703Z", "thread": "MainThread", "process": 43696}
{"ts": "2025-10-30T18:27:17", "level": "INFO", "logger": "src.core.engine", "msg": "Step 5/18: wait_modal_dialog", "run_id": "20251030T182703Z", "step_index": 5, "action": "wait_for_selector", "thread": "MainThread", "process": 43696}
{"ts": "2025-10-30T18:27:17", "level": "INFO", "logger": "src.utils.timing", "msg": "wait_for_selector took 18 ms", "run_id": "20251030T182703Z", "thread": "MainThread", "process": 43696}
{"ts": "2025-10-30T18:27:18", "level": "INFO", "logger": "src.core.engine", "msg": "Step 6/18: 01_modal_open", "run_id": "20251030T182703Z", "step_index": 6, "action": "screenshot", "thread": "MainThread", "process": 43696}
{"ts": "2025-10-30T18:27:18", "level": "INFO", "logger": "src.utils.timing", "msg": "page_screenshot took 244 ms", "run_id": "20251030T182703Z", "thread": "MainThread", "process": 43696}
{"ts": "2025-10-30T18:27:18", "level": "INFO", "logger": "src.utils.timing", "msg": "screenshot took 248 ms", "run_id": "20251030T182703Z", "thread": "MainThread", "process": 43696}
{"ts": "2025-10-30T18:27:18", "level": "INFO", "logger": "src.core.actions", "msg": "Saved screenshot: C:\\Users\\lokes\\Downloads\\ui-capture-system\\datasets\\linear.app\\create_issue\\2025-10-30_18-27-03\\01_modal_open.png", "run_id": "20251030T182703Z", "action": "screenshot", "thread": "MainThread", "process": 43696}
{"ts": "2025-10-30T18:27:19", "level": "INFO", "logger": "src.core.engine", "msg": "Step 7/18: wait_title_input", "run_id": "20251030T182703Z", "step_index": 7, "action": "wait_for_selector", "thread": "MainThread", "process": 43696}
{"ts": "2025-10-30T18:27:19", "level": "INFO", "logger": "src.utils.timing", "msg": "wait_for_selector took 19 ms", "run_id": "20251030T182703Z", "thread": "MainThread", "process": 43696}
{"ts": "2025-10-30T18:27:20", "level": "INFO", "logger": "src.core.engine", "msg": "Step 8/18: focus_title", "run_id": "20251030T182703Z", "step_index": 8, "action": "click", "thread": "MainThread", "process": 43696}
{"ts": "2025-10-30T18:27:20", "level": "INFO", "logger": "src.utils.timing", "msg": "click took 86 ms", "run_id": "20251030T182703Z", "thread": "MainThread", "process": 43696}
{"ts": "2025-10-30T18:27:21", "level": "INFO", "logger": "src.core.engine", "msg": "Step 9/18: fill_title", "run_id": "20251030T182703Z", "step_index": 9, "action": "type", "thread": "MainThread", "process": 43696}
{"ts": "2025-10-30T18:27:21", "level": "INFO", "logger": "src.utils.timing", "msg": "type took 63 ms", "run_id": "20251030T182703Z", "thread": "MainThread", "process": 43696}
{"ts": "2025-10-30T18:27:21", "level": "INFO", "logger": "src.core.engine", "msg": "Step 10/18: 02_title_typed", "run_id": "20251030T182703Z", "step_index": 10, "action": "screenshot", "thread": "MainThread", "process": 43696}
{"ts": "2025-10-30T18:27:22", "level": "INFO", "logger": "src.utils.timing", "msg": "page_screenshot took 272 ms", "run_id": "20251030T182703Z", "thread": "MainThread", "process": 43696}
{"ts": "2025-10-30T18:27:22", "level": "INFO", "logger": "src.utils.timing", "msg": "screenshot took 281 ms", "run_id": "20251030T182703Z", "thread": "MainThread", "process": 43696}
{"ts": "2025-10-30T18:27:22", "level": "INFO", "logger": "src.core.actions", "msg": "Saved screenshot: C:\\Users\\lokes\\Downloads\\ui-capture-system\\datasets\\linear.app\\create_issue\\2025-10-30_18-27-03\\02_title_typed.png", "run_id": "20251030T182703Z", "action": "screenshot", "thread": "MainThread", "process": 43696}
{"ts": "2025-10-30T18:27:22", "level": "INFO", "logger": "src.core.engine", "msg": "Step 11/18: go_to_description", "run_id": "20251030T182703Z", "step_index": 11, "action": "press", "thread": "MainThread", "process": 43696}
{"ts": "2025-10-30T18:27:22", "level": "INFO", "logger": "src.utils.timing", "msg": "press took 54 ms", "run_id": "20251030T182703Z", "thread": "MainThread", "process": 43696}
{"ts": "2025-10-30T18:27:23", "level": "INFO", "logger": "src.core.engine", "msg": "Step 12/18: wait_description_focus", "run_id": "20251030T182703Z", "step_index": 12, "action": "wait_for_selector", "thread": "MainThread", "process": 43696}
{"ts": "2025-10-30T18:27:23", "level": "INFO", "logger": "src.utils.timing", "msg": "wait_for_selector took 18 ms", "run_id": "20251030T182703Z", "thread": "MainThread", "process": 43696}
{"ts": "2025-10-30T18:27:24", "level": "INFO", "logger": "src.core.engine", "msg": "Step 13/18: fill_description", "run_id": "20251030T182703Z", "step_index": 13, "action": "type", "thread": "MainThread", "process": 43696}
{"ts": "2025-10-30T18:27:24", "level": "INFO", "logger": "src.utils.timing", "msg": "type took 66 ms", "run_id": "20251030T182703Z", "thread": "MainThread", "process": 43696}
{"ts": "2025-10-30T18:27:25", "level": "INFO", "logger": "src.core.engine", "msg": "Step 14/18: 03_description_typed", "run_id": "20251030T182703Z", "step_index": 14, "action": "screenshot", "thread": "MainThread", "process": 43696}
{"ts": "2025-10-30T18:27:25", "level": "INFO", "logger": "src.utils.timing", "msg": "page_screenshot took 284 ms", "run_id": "20251030T182703Z", "thread": "MainThread", "process": 43696}
{"ts": "2025-10-30T18:27:25", "level": "INFO", "logger": "src.utils.timing", "msg": "screenshot took 294 ms", "run_id": "20251030T182703Z", "thread": "MainThread", "process": 43696}
{"ts": "2025-10-30T18:27:25", "level": "INFO", "logger": "src.core.actions", "msg": "Saved screenshot: C:\\Users\\lokes\\Downloads\\ui-capture-system\\datasets\\linear.app\\create_issue\\2025-10-30_18-27-03\\03_description_typed.png", "run_id": "20251030T182703Z", "action": "screenshot", "thread": "MainThread", "process": 43696}
{"ts": "2025-10-30T18:27:26", "level": "INFO", "logger": "src.core.engine", "msg": "Step 15/18: wait_submit_button", "run_id": "20251030T182703Z", "step_index": 15, "action": "wait_for_selector", "thread": "MainThread", "process": 43696}
{"ts": "2025-10-30T18:27:26", "level": "INFO", "logger": "src.utils.timing", "msg": "wait_for_selector took 14 ms", "run_id": "20251030T182703Z", "thread": "MainThread", "process": 43696}
{"ts": "2025-10-30T18:27:27", "level": "INFO", "logger": "src.core.engine", "msg": "Step 16/18: submit_issue", "run_id": "20251030T182703Z", "step_index": 16, "action": "click", "thread": "MainThread", "process": 43696}
{"ts": "2025-10-30T18:27:27", "level": "INFO", "logger": "src.utils.timing", "msg": "click took 163 ms", "run_id": "20251030T182703Z", "thread": "MainThread", "process": 43696}
{"ts": "2025-10-30T18:27:27", "level": "INFO", "logger": "src.core.engine", "msg": "Step 17/18: settle", "run_id": "20251030T182703Z", "step_index": 17, "action": "wait_for_network_idle", "thread": "MainThread", "process": 43696}
{"ts": "2025-10-30T18:27:28", "level": "INFO", "logger": "src.utils.timing", "msg": "wait_for_network_idle took 1.025 s", "run_id": "20251030T182703Z", "thread": "MainThread", "process": 43696}
{"ts": "2025-10-30T18:27:29", "level": "INFO", "logger": "src.core.engine", "msg": "Step 18/18: 04_after_submit", "run_id": "20251030T182703Z", "step_index": 18, "action": "screenshot", "thread": "MainThread", "process": 43696}
{"ts": "2025-10-30T18:27:29", "level": "INFO", "logger": "src.utils.timing", "msg": "page_screenshot took 210 ms", "run_id": "20251030T182703Z", "thread": "MainThread", "process": 43696}
{"ts": "2025-10-30T18:27:29", "level": "INFO", "logger": "src.utils.timing", "msg": "screenshot took 215 ms", "run_id": "20251030T182703Z", "thread": "MainThread", "process": 43696}
{"ts": "2025-10-30T18:27:29", "level": "INFO", "logger": "src.core.actions", "msg": "Saved screenshot: C:\\Users\\lokes\\Downloads\\ui-capture-system\\datasets\\linear.app\\create_issue\\2025-10-30_18-27-03\\04_after_submit.png", "run_id": "20251030T182703Z", "action": "screenshot", "thread": "MainThread", "process": 43696}
